timestamp_ns,bid,ask,price,mid_ema,price_ema
1741804976907617,82692.8594,82692.8672,82692.8672,82692.8594,82692.8672
1741804977797085,82692.8594,82692.8672,82692.8672,82692.8594,82692.8672
1741804978073106,82692.8672,82694.25,82692.8672,82692.8984,82692.8672
1741804978077130,82692.8594,82694.0391,82692.8594,82692.8984,82692.8672
1741804978078099,82692.8672,82694.0391,82692.8672,82692.8984,82692.8672
1741804978157831,82692.8594,82692.8672,82692.8594,82692.8984,82692.8672
1741804978166521,82692.8594,82692.8672,82692.8594,82692.8984,82692.8672
1741804978169933,82692.8594,82692.8672,82692.8594,82692.8984,82692.8672
1741804978235872,82678.9922,82681.5625,82681.5469,82692.7344,82692.7188
1741804978358911,82681.5469,82681.5625,82681.5469,82692.4609,82692.4453
1741804978785015,82677.1484,82677.1562,82677.1484,82691.1562,82691.1406
1741804978890362,82677.1484,82677.1562,82677.1484,82690.8594,82690.8438
1741804979447273,82669.8281,82677.1406,82676.0938,82688.9219,82689.2031
1741804979730884,82674.8594,82683.1172,82683.1172,82688.3594,82688.8594
1741804979745103,82674.8828,82683.1016,82674.8906,82688.3359,82688.8203
1741804979970816,82674.6797,82684,82683.9922,82687.9297,82688.6016
1741804980506539,82677.5625,82683.8672,82683.8672,82687.1562,82688.0938
1741804980885105,82684.0391,82688.4922,82684.0469,82687.0859,82687.7891
1741804981024048,82688.4922,82688.5,82688.5,82687.125,82687.8125
1741804981127764,82688.4922,82688.5,82688.5,82687.1562,82687.8281
1741804982230094,82688.4922,82688.5,82688.4922,82687.4531,82687.9766
1741804982895588,82688.4922,82688.5,82688.5,82687.5938,82688.0469
1741804982974756,82690.6016,82699.1328,82699.1172,82687.7109,82688.2188
1741804983394224,82692.1484,82700.7578,82700.7578,82688.4453,82689.2734
1741804983680572,82690.7578,82700.1484,82700.1484,82688.8438,82689.8984
1741804983724030,82690.75,82698.3984,82698.3984,82688.8906,82689.9688
1741804984049041,82690.75,82696.7891,82696.7891,82689.2109,82690.4141
1741804984148175,82690.75,82695.5625,82695.5625,82689.2891,82690.5156
1741804984391873,82690.75,82695.2109,82695.2109,82689.4688,82690.7422
1741804984698258,82690.7734,82697.2109,82697.2031,82689.7422,82691.1406
1741804984739661,82693.3281,82697.2109,82697.2031,82689.7891,82691.1875
1741804984835028,82693.9219,82697.2109,82697.2109,82689.8984,82691.3047
1741804984904345,82697.3203,82704.7578,82704.75,82690.0547,82691.4922
1741804985495675,82704.7422,82704.75,82704.75,82691.7891,82693.0625
1741804985516875,82704.7422,82704.75,82704.75,82691.8438,82693.1094
1741804985525468,82704.75,82704.7578,82704.7578,82691.8672,82693.1328
1741804986058209,82704.75,82704.7578,82704.7578,82693.2422,82694.375
1741804987202319,82704.75,82704.7578,82704.7578,82695.875,82696.75
1741804989090517,82704.75,82704.7578,82704.7578,82699.2266,82699.7734
1741804989094659,82704.75,82704.7578,82704.7578,82699.2344,82699.7812
1741804989669572,82713.9766,82716.6797,82714.9062,82701.0859,82701.5234
1741804991105477,82715.8125,82716.8438,82715.8203,82705.4609,82705.6328
1741804991106306,82715.8125,82716.8516,82716.8516,82705.4609,82705.6328
1741804991106345,82715.8125,82716.8516,82716.8516,82705.4609,82705.6328
1741804991106378,82715.8125,82718.5469,82716.8516,82705.4609,82705.6328
1741804991106712,82715.8125,82719,82719,82705.4609,82705.6328
1741804991106871,82715.8125,82719.5078,82719.5078,82705.4609,82705.6328
1741804991107026,82715.8125,82719.5078,82719.5078,82705.4609,82705.6328
1741804991107043,82715.8125,82720.2031,82719.5078,82705.4609,82705.6328
1741804991107431,82715.8125,82725,82723.1484,82705.4609,82705.6328
1741804991108546,82715.8125,82726.6016,82726.0469,82705.4609,82705.6406
1741804991108711,82715.8125,82727.2578,82727.2578,82705.4609,82705.6406
1741804991108887,82715.8125,82727.2578,82727.2578,82705.4609,82705.6406
1741804991109166,82715.8125,82727.2734,82727.2578,82705.4609,82705.6406
1741804991109976,82715.8203,82727.2812,82727.2734,82705.4609,82705.6406
1741804991110421,82715.8203,82730.0234,82728.5,82705.4609,82705.6406
1741804991112205,82716.8438,82725,82718.5469,82705.4688,82705.6484
1741804991112322,82716.8438,82730.0312,82725,82705.4688,82705.6484
1741804991114153,82716.8438,82730.0312,82730.0312,82705.4766,82705.6562
1741804991115734,82717.8828,82727.2812,82718.9922,82705.4844,82705.6641
1741804991116454,82717.8828,82730.6797,82725.5781,82705.4844,82705.6641
1741804991128853,82726.5625,82730.0234,82727.0078,82705.5391,82705.7188
1741804991148209,82728.6328,82731.3906,82731.3906,82705.6328,82705.8203
1741804992712462,82732.9219,82732.9297,82732.9219,82714.1719,82714.2969
1741804993071296,82732.9219,82732.9297,82732.9297,82715.5156,82715.6328
1741804993823838,82732.9219,82732.9297,82732.9297,82718.1328,82718.2344
1741804994085152,82732.9219,82732.9297,82732.9219,82718.9062,82719
1741804994096798,82732.9219,82732.9297,82732.9219,82718.9375,82719.0312
1741804994463217,82719.0312,82719.0391,82719.0312,82718.9453,82719.0312
1741804994481309,82717.5781,82717.5938,82717.5781,82718.9375,82719.0234
1741804994562843,82717.5781,82717.5938,82717.5938,82718.9141,82719
1741804994569246,82717.5781,82717.5938,82717.5781,82718.9141,82719
1741804994572528,82717.5781,82717.5938,82717.5781,82718.9141,82719
1741804994576341,82717.5781,82717.5938,82717.5781,82718.9141,82719
1741804994576578,82717.5781,82717.5938,82717.5781,82718.9141,82719
1741804994576589,82717.5,82717.5938,82717.5781,82718.9141,82719
1741804994580374,82713.9297,82717.5781,82717.5,82718.9141,82719
1741804994651380,82713.9297,82713.9375,82713.9297,82718.8438,82718.9297
1741804994744600,82704.4297,82704.4375,82704.4375,82718.5781,82718.6562
1741804994901279,82700,82704.4297,82704.4297,82718.0625,82718.2109
1741804995150782,82700,82700.0078,82700,82717.1641,82717.3047
1741804995383538,82700,82700.0078,82700.0078,82716.3672,82716.5
1741804995638152,82700,82700.0078,82700,82715.5312,82715.6562
1741804995690087,82694.5391,82694.5469,82694.5391,82715.3125,82715.4375
1741804995700213,82694.5391,82694.5469,82694.5391,82715.2734,82715.3984
1741804995735363,82692.8594,82692.8828,82692.8594,82715.1172,82715.2422
1741804995749875,82692.8594,82692.8672,82692.8594,82715.0547,82715.1797
1741804995782925,82690.5469,82692.8672,82692.8594,82714.8984,82715.0312
1741804995786867,82690.5469,82692.8594,82692.8594,82714.8828,82715.0156
1741804995796513,82690.5234,82690.5625,82690.5469,82714.8359,82714.9688
1741804996000026,82681.2734,82690.5391,82681.2812,82713.6562,82713.5938
1741804996016899,82687.5234,82688.9688,82688.9688,82713.5703,82713.5078
1741804996251147,82693.9219,82699.9766,82693.9297,82712.7891,82712.5938
1741804996259489,82690.6484,82693.9297,82693.9219,82712.7578,82712.5625
1741804996318553,82691.1172,82699.9062,82694.1797,82712.5547,82712.3438
1741804997343833,82690.9297,82690.9375,82690.9375,82708.125,82707.9531
1741804997946728,82690.9297,82690.9375,82690.9297,82706.0547,82705.8984
1741804998014605,82681.4297,82681.4375,82681.4297,82705.7188,82705.5625
1741804998045632,82676.0078,82681.4375,82681.4297,82705.5547,82705.4141
1741804998841110,82681.3984,82681.4062,82681.4062,82701.7109,82701.5938
1741804998974272,82681.3984,82689.6875,82681.4062,82701.2812,82701.0547
1741804999818604,82681.4219,82681.4297,82681.4297,82697.9297,82697.7422
1741805000442198,82681.4219,82681.4297,82681.4297,82695.8672,82695.7109
1741805000832717,82681.4219,82681.4297,82681.4297,82694.7422,82694.5938
1741805001172823,82681.4219,82681.4297,82681.4297,82693.8359,82693.6953
1741805001422316,82681.4219,82681.4297,82681.4219,82693.2188,82693.0859
1741805001426273,82681.4062,82681.4297,82681.4219,82693.2109,82693.0781
1741805001447935,82670.1797,82681.4297,82681.4219,82693.1328,82693.0312
1741805001575417,82670.4609,82670.4766,82670.4688,82692.5547,82692.4531
1741805002043434,82659.3594,82659.3672,82659.3672,82689.4453,82689.3594
1741805002103944,82659.3594,82659.8516,82659.3672,82689.0859,82689
1741805002457826,82659.8438,82659.8516,82659.8438,82687.0156,82686.9375
1741805002526602,82649.8594,82649.8672,82649.8594,82686.5078,82686.4297
1741805004073978,82643.4219,82643.4297,82643.4297,82673.1719,82673.125
1741805004080530,82646.25,82652.9297,82649.0625,82673.1406,82673.0938
1741805004515843,82650.3125,82658.2812,82658.2812,82671.5,82671.8047
1741805004842956,82653.8672,82665.2031,82659.8516,82670.7188,82671.0234
1741805005694134,82665.2031,82673.8672,82665.2109,82670.5156,82670.0312
1741805005903455,82673.6875,82673.7031,82673.6875,82670.6484,82670.1875
1741805007009280,82673.6875,82673.7031,82673.6875,82671.3203,82670.9609
1741805007075572,82673.6875,82673.7031,82673.6875,82671.3516,82671
1741805007536750,82673.6875,82673.7031,82673.7031,82671.5703,82671.25
1741805007651676,82673.6875,82673.7031,82673.7031,82671.6172,82671.3047
1741805008765055,82673.6875,82673.7031,82673.7031,82672.0781,82671.8359
1741805008959005,82673.6875,82673.7031,82673.6875,82672.1406,82671.9062
1741805008961615,82673.6875,82673.7031,82673.6875,82672.1406,82671.9062
1741805009529042,82660.3672,82660.3828,82660.3828,82670.8047,82670.6016
1741805009803262,82660.3672,82664.2031,82660.3828,82670.3359,82670.0391
1741805010935838,82665.4922,82665.5,82665.5,82669.2422,82669.0078
1741805011220346,82665.4922,82665.5,82665.5,82669.0312,82668.8047
1741805011950856,82660.3672,82665.5,82665.4922,82668.1406,82668.3203
1741805012683735,82660.3672,82660.3828,82660.3672,82667,82667.1562
1741805012869063,82655.0703,82655.0781,82655.0703,82666.5547,82666.7109
1741805013063191,82642.8672,82642.8828,82642.8828,82665.6328,82665.7891
1741805013345502,82642.8672,82642.8828,82642.8828,82664.3516,82664.4922
1741805013448256,82642.8672,82642.8828,82642.8828,82663.9141,82664.0469
1741805014430506,82642.8672,82642.8828,82642.8672,82659.7812,82659.8828
1741805015118089,82642.8672,82642.8828,82642.8672,82657.4531,82657.5391
1741805015219956,82642.8672,82642.8828,82642.8672,82657.1562,82657.2422
1741805015309487,82642.8672,82642.8828,82642.8828,82656.8984,82656.9844
1741805016400229,82646.8203,82646.8438,82646.8281,82654.7031,82654.7656
1741805016514239,82642.8672,82642.8828,82642.8672,82654.4297,82654.4922
1741805016521012,82637.0234,82642.8828,82642.8672,82654.4062,82654.4766
1741805017359995,82631.7969,82631.8125,82631.8125,82650.6172,82650.6719
1741805018307145,82631.7969,82638.8672,82631.8125,82647.7188,82647.1016
1741805019047051,82641.9219,82641.9297,82641.9219,82646.8594,82646.3359
1741805020532085,82641.9219,82641.9297,82641.9219,82645.3906,82645.0234
1741805021097817,82631.8203,82638.9062,82638.9062,82644.2578,82644.3281
1741805022447608,82631.7969,82631.8125,82631.7969,82640.8984,82640.9453
1741805022669350,82631.7969,82631.8125,82631.7969,82640.4922,82640.5391
1741805023237702,82626.3594,82626.3672,82626.3672,82638.8828,82638.9297
1741805023312143,82626.3594,82626.3672,82626.3594,82638.6953,82638.7422
1741805023693043,82618.9219,82618.9297,82618.9297,82637.1875,82637.2344
1741805024398910,82618.9219,82618.9297,82618.9297,82634.6094,82634.6484
1741805025060601,82626.3594,82626.3672,82626.3672,82633.5156,82633.5547
1741805025317741,82626.3594,82626.3672,82626.3672,82633.1484,82633.1875
1741805025989476,82635.8438,82635.8516,82635.8516,82633.5078,82633.5469
1741805025989647,82635.8438,82635.8594,82635.8516,82633.5078,82633.5469
1741805027034672,82639.3594,82639.3672,82639.3672,82634.7344,82634.7656
1741805027038101,82639.3594,82639.3672,82639.3672,82634.7344,82634.7656
1741805027038365,82639.3594,82639.3672,82639.3672,82634.7344,82634.7656
1741805027040719,82639.3594,82639.3672,82639.3672,82634.7344,82634.7656
1741805027043303,82639.3594,82641.9297,82639.3672,82634.7344,82634.7656
1741805027047128,82641.9219,82647.5312,82643.8125,82634.7422,82634.7734
1741805027052295,82643.9922,82647.5312,82647.5312,82634.75,82634.7891
1741805027558405,82654.8438,82654.8516,82654.8438,82636.7812,82636.8203
1741805028064084,82654.8438,82654.8516,82654.8516,82638.6094,82638.6406
1741805028087310,82664.3438,82667.7812,82664.3516,82638.7344,82638.7578
1741805028134736,82661.8281,82673.8516,82673.8438,82639.0078,82639.0938
1741805028153202,82662.0703,82674.3516,82667.8125,82639.1172,82639.2031
1741805028677840,82667.8203,82667.8281,82667.8203,82642.1328,82642.2031
1741805028873610,82670.8281,82682.7266,82670.8281,82643.4922,82643.3203
1741805029753274,82669.6562,82672.4375,82669.6719,82648.3438,82647.9531
1741805029993185,82672.2969,82675.5781,82672.3125,82649.5703,82649.125
1741805031494949,82672.0312,82672.3125,82672.2969,82656.3594,82656.0859
1741805031563056,82672.0312,82672.0391,82672.0391,82656.5703,82656.3047
1741805031649310,82659.8125,82672.0391,82672.0312,82656.7344,82656.5781
1741805031697381,82658.1875,82668.75,82658.2031,82656.7969,82656.5938
1741805031717291,82658.1875,82658.2031,82658.2031,82656.8047,82656.6016
1741805033916193,82663.8516,82671.4062,82671.4062,82661.5625,82663.1094
1741805034360560,82666.5391,82668.7891,82668.7891,82662.1016,82663.6172
1741805034563028,82666.5312,82666.5391,82666.5391,82662.2812,82663.7344
1741805035324413,82666.5312,82666.5391,82666.5312,82662.9297,82664.1641
1741805035842936,82659.3203,82659.3281,82659.3203,82662.5547,82663.6641
1741805036084784,82659.3203,82659.3281,82659.3281,82662.3984,82663.4531
1741805036470908,82659.3203,82659.3281,82659.3281,82662.1641,82663.1328
1741805036497910,82659.3203,82659.3281,82659.3281,82662.1484,82663.1094
1741805036541463,82659.3203,82659.3281,82659.3203,82662.125,82663.0781
1741805037949160,82665.5,82671.3516,82665.5,82663.8984,82663.7578
1741805038943068,82666.9219,82666.9297,82666.9219,82664.5,82664.3906
1741805041235937,82666.9219,82666.9297,82666.9297,82665.6094,82665.5547
1741805041444971,82666.9219,82666.9297,82666.9297,82665.6641,82665.6094
1741805041521075,82666.9219,82666.9297,82666.9297,82665.6797,82665.6328
1741805041873442,82666.9219,82666.9297,82666.9219,82665.7656,82665.7266
1741805042184212,82666.9219,82666.9297,82666.9297,82665.8359,82665.8047
1741805042201142,82666.9219,82666.9297,82666.9297,82665.8359,82665.8047
1741805042813856,82666.9219,82666.9297,82666.9219,82665.9688,82665.9453
1741805042819709,82666.9219,82666.9297,82666.9219,82665.9688,82665.9453
1741805042932201,82659.3594,82659.3672,82659.3672,82665.8203,82665.7969
1741805043014366,82658.1875,82659.3672,82659.3594,82665.7031,82665.6875
1741805043117093,82658.1875,82658.2031,82658.2031,82665.5469,82665.5312
1741805044120522,82658.1875,82658.2031,82658.2031,82664.0703,82664.0625
1741805044623505,82658.1875,82658.2031,82658.2031,82663.4766,82663.4766
1741805044665100,82658.1875,82658.2031,82658.1875,82663.4297,82663.4297
1741805044899090,82654.8438,82654.8516,82654.8438,82663.0312,82663.0312
1741805045242498,82646.9688,82646.9766,82646.9766,82661.9297,82661.9297
1741805045587613,82646.9688,82646.9766,82646.9688,82660.8984,82660.8984
1741805045817528,82646.9688,82646.9766,82646.9688,82660.2578,82660.2578
1741805046308958,82646.9688,82646.9766,82646.9688,82658.9531,82658.9531
1741805046394170,82639.9062,82641.2266,82641.2188,82658.6406,82658.6484
1741805046530099,82639.3594,82639.3672,82639.3672,82658.1172,82658.125
1741805047111893,82639.3594,82641.2266,82639.3672,82656.0469,82655.9453
1741805047153737,82641.2188,82641.2266,82641.2266,82655.9219,82655.8203
1741805047422216,82646.9688,82646.9766,82646.9766,82655.4375,82655.3438
1741805047638891,82653.8828,82655,82655,82655.3906,82655.3281
1741805048111665,82654.9922,82664.4922,82655,82655.8047,82655.2969
1741805048366274,82665.6484,82672.2969,82672.2969,82656.4766,82656.1641
1741805048385107,82665.6719,82672.2969,82672.2969,82656.5234,82656.2266
1741805048511045,82666.75,82666.7578,82666.7578,82656.7812,82656.4922
1741805048526864,82666.75,82672.3125,82672.2969,82656.8203,82656.5391
1741805048613460,82667.0078,82672.2891,82667.0234,82657.0391,82656.7188
1741805049075440,82672.2812,82672.2891,82672.2891,82658.4453,82658.1562
1741805049120072,82672.2812,82672.2891,82672.2891,82658.5703,82658.2812
1741805049161644,82672.2969,82672.3125,82672.3125,82658.6875,82658.3984
1741805049398021,82676.0469,82680.0234,82680.0078,82659.6016,82659.4219
1741805049826751,82676.0234,82676.0312,82676.0312,82661.0078,82660.8438
1741805049921397,82676.0234,82680.1016,82676.0312,82661.3281,82661.1328
1741805049941777,82676.0703,82680.1016,82680.1016,82661.3984,82661.2109
1741805050156938,82676.0781,82676.0938,82676.0938,82662.0312,82661.8516
1741805050358710,82676.0781,82676.0938,82676.0938,82662.6016,82662.4297
1741805051188466,82676.0781,82676.0938,82676.0781,82664.8359,82664.6953
1741805051647172,82676.0781,82676.0938,82676.0781,82665.8672,82665.7422
1741805052033414,82676.0781,82676.0938,82676.0938,82666.6562,82666.5391
1741805052342125,82676.0781,82676.0938,82676.0938,82667.2422,82667.1328
1741805052370980,82676.0781,82676.0938,82676.0938,82667.2969,82667.1875
1741805052522068,82680.5234,82685.4219,82680.5234,82667.7734,82667.5938
1741805053021389,82685.4219,82685.4297,82685.4297,82669.5391,82669.375
1741805053024940,82685.4219,82694.9062,82685.4297,82669.5547,82669.3828
1741805053080439,82688.2031,82695.1797,82688.2109,82669.7969,82669.5938
1741805053563699,82685.4219,82685.4297,82685.4297,82671.3047,82671.125
1741805053844941,82687.3594,82687.3672,82687.3594,82672.2109,82672.0391
1741805054063146,82685.4219,82685.4297,82685.4297,82672.7891,82672.625
1741805054209982,82676.4531,82685.4297,82685.4219,82673.0312,82673
1741805054652361,82673.4609,82673.4688,82673.4609,82673.0703,82673.0391
1741805055645299,82673.4609,82673.4688,82673.4688,82673.1484,82673.125
1741805055805902,82673.4609,82673.4688,82673.4609,82673.1562,82673.1328
1741805055912944,82673.4609,82673.4688,82673.4688,82673.1641,82673.1406
1741805056105837,82673.4609,82673.4688,82673.4688,82673.1797,82673.1562
1741805056474118,82685.3594,82685.3672,82685.3594,82674.0781,82674.0547
1741805056721443,82685.3594,82685.3672,82685.3672,82674.6328,82674.6172
1741805056856631,82685.3594,82685.3672,82685.3594,82674.9219,82674.9062
1741805057017476,82681.0391,82687.7969,82687.7969,82675.2266,82675.3203
1741805057615513,82682.8672,82682.8828,82682.8672,82676.1406,82676.2266
1741805058139073,82682.8672,82682.8828,82682.8828,82676.8438,82676.9219
1741805059127983,82682.8672,82685.8828,82682.8828,82678.3359,82678.1016
1741805059857123,82682.8672,82682.8828,82682.8828,82679,82678.7969
1741805060355318,82682.8672,82682.8828,82682.8828,82679.3828,82679.2031
1741805060384323,82682.8672,82682.8828,82682.8828,82679.4062,82679.2266
1741805060491681,82682.8672,82682.8828,82682.8672,82679.4844,82679.3047
1741805060818721,82682.8672,82682.8828,82682.8828,82679.7031,82679.5391
1741805061392928,82682.8672,82682.8828,82682.8828,82680.0703,82679.9219
1741805063164796,82682.8672,82682.8828,82682.8828,82681.0625,82680.9688
1741805063219172,82682.8672,82682.8828,82682.8672,82681.0859,82680.9922
1741805063581762,82673.4609,82673.4688,82673.4688,82680.5312,82680.4453
1741805065313348,82673.4609,82675.5703,82673.4688,82678.4453,82678.0312
1741805065313391,82673.4609,82677.0625,82677.0469,82678.4453,82678.0312
1741805065313979,82673.4609,82681.7266,82677.0625,82678.4453,82678.0312
1741805065632285,82682.8672,82682.8828,82682.8828,82678.7266,82678.3438
1741805065807066,82682.8672,82682.8828,82682.8828,82678.875,82678.5
1741805066539978,82682.8672,82682.8828,82682.8828,82679.4609,82679.1406
1741805066982078,82682.8672,82682.8828,82682.8828,82679.7656,82679.4688
1741805068142346,82682.8672,82682.8828,82682.8672,82680.4844,82680.2578
1741805068426740,82682.8672,82682.8828,82682.8828,82680.6172,82680.4062
1741805068954392,82682.8672,82682.8828,82682.8828,82680.8516,82680.6641
1741805069037800,82682.8672,82682.8828,82682.8828,82680.8828,82680.7031
1741805069141477,82682.8672,82682.8828,82682.8828,82680.9219,82680.75
1741805069192621,82675.6094,82682.8828,82682.8672,82680.9062,82680.7734
1741805070107972,82673.4609,82673.4688,82673.4688,82679.5469,82679.4375
1741805070674971,82678.0234,82678.0312,82678.0312,82679.375,82679.2812
1741805070675400,82678.0234,82678.0391,82678.0391,82679.375,82679.2812
1741805070675424,82678.0234,82682.8828,82678.0391,82679.375,82679.2812
1741805070678498,82678.0234,82682.8828,82678.0312,82679.375,82679.2812
1741805070687149,82682.8672,82682.8828,82682.8828,82679.3828,82679.2891
1741805071032223,82682.9219,82686.6562,82686.6484,82679.7578,82679.7969
1741805071579308,82683.1094,82687.7031,82687.5312,82680.375,82680.6406
1741805071706030,82685.1094,82687.5312,82687.5312,82680.5234,82680.8125
1741805071936127,82682.7266,82687.5312,82682.8828,82680.7344,82680.9062
1741805071953983,82682.7188,82687.1016,82682.7266,82680.75,82680.9141
1741805073876879,82687.0938,82687.1016,82687.1016,82683.1875,82683.2969
1741805074000955,82687.0938,82687.1016,82687.1016,82683.2812,82683.3906
1741805074023676,82688.8125,82699.9375,82699.9375,82683.3281,82683.4688
1741805074039358,82688.8438,82692.1016,82692.1016,82683.3516,82683.4922
1741805074670174,82687.0938,82689.3906,82689.3828,82683.9688,82684.2344
1741805074898643,82687.0938,82687.1016,82687.1016,82684.1094,82684.3672
1741805075098672,82687.0938,82687.1016,82687.1016,82684.2266,82684.4766
1741805075323343,82687.0938,82687.1016,82687.1016,82684.3516,82684.5938
1741805075383121,82687.0938,82687.1016,82687.1016,82684.3828,82684.625
1741805075830439,82687.1172,82696.6406,82687.1172,82685.0547,82684.8516
1741805076358210,82687.1172,82691.5625,82691.5625,82685.5078,82685.5625
1741805076540706,82687.1094,82687.6875,82687.6875,82685.5781,82685.6406
1741805077118085,82687.1094,82687.1172,82687.1172,82685.7578,82685.8125
1741805077453043,82687.1094,82687.1172,82687.1172,82685.8516,82685.8984
1741805077588184,82681.4219,82687.1172,82687.1094,82685.8125,82685.9297
1741805077655538,82681.7031,82691.3203,82687.1172,82685.8203,82685.9453
1741805077673542,82681.7266,82689.8984,82689.8984,82685.8203,82685.9609
1741805078300758,82683.2031,82683.2109,82683.2109,82685.4922,82685.6172
1741805078407140,82683.2031,82683.2109,82683.2109,82685.4453,82685.5625
1741805078546869,82683.2031,82683.2109,82683.2031,82685.3828,82685.5
1741805079623967,82689.8906,82689.8984,82689.8984,82686.3516,82686.4453
1741805079667710,82689.8906,82689.8984,82689.8984,82686.3828,82686.4766
1741805080739924,82688.4531,82688.4609,82688.4609,82686.8281,82686.8984
1741805080760837,82688.4531,82688.4609,82688.4609,82686.8359,82686.9062
1741805081342069,82688.9375,82691.9062,82691,82687.25,82687.3828
1741805081347441,82688.9609,82699.2734,82688.9609,82687.2578,82687.3828
1741805081576309,82688.9375,82699.2578,82699.2578,82687.5703,82687.9297
1741805083146316,82688.9609,82688.9688,82688.9609,82688.0078,82688.25
1741805084860819,82685.6719,82685.6797,82685.6797,82687.2031,82687.3672
1741805084970136,82685.6719,82685.6797,82685.6797,82687.1719,82687.3281
1741805084986609,82685.6875,82696.4766,82696.4766,82687.1875,82687.3594
1741805085188711,82685.7969,82689,82686.1719,82687.1953,82687.3125
1741805086652529,82684.8906,82685.6797,82685.6719,82686.6328,82686.8359
1741805087124624,82684.8906,82684.8984,82684.8984,82686.4688,82686.6562
1741805087175639,82684.8906,82684.8984,82684.8906,82686.4531,82686.6406
1741805087223414,82684.8906,82684.8984,82684.8984,82686.4375,82686.625
1741805087350335,82684.8906,82684.8984,82684.8906,82686.3984,82686.5781
1741805087374862,82684.8906,82684.8984,82684.8906,82686.3906,82686.5703
1741805087418178,82684.8906,82684.8984,82684.8906,82686.375,82686.5547
1741805087430771,82684.8906,82684.8984,82684.8906,82686.375,82686.5469
1741805087433643,82684.8906,82684.8984,82684.8906,82686.375,82686.5469
1741805087436469,82684.8906,82684.8984,82684.8906,82686.375,82686.5469
1741805087438145,82684.8906,82684.8984,82684.8906,82686.375,82686.5469
1741805087440671,82684.8906,82684.8984,82684.8906,82686.375,82686.5469
1741805087441319,82684.8906,82684.8984,82684.8906,82686.375,82686.5469
1741805087444104,82684.8906,82684.8984,82684.8906,82686.375,82686.5469
1741805087444258,82684.8906,82684.8984,82684.8906,82686.375,82686.5469
1741805087444283,82684.8906,82684.8984,82684.8906,82686.375,82686.5469
1741805087444515,82684.8906,82684.8984,82684.8906,82686.375,82686.5469
1741805087447798,82684.8906,82684.8984,82684.8906,82686.375,82686.5469
1741805087447809,82684.8906,82684.8984,82684.8906,82686.375,82686.5469
1741805087448052,82684.8906,82684.8984,82684.8906,82686.375,82686.5469
1741805087448089,82684.8906,82684.8984,82684.8906,82686.375,82686.5469
1741805087531951,82676.2969,82676.3125,82676.3125,82686.2031,82686.375
1741805087617202,82673.4609,82673.4688,82673.4688,82685.9844,82686.1562
1741805089103118,82673.4609,82673.4688,82673.4688,82682.2656,82682.3828
1741805089493735,82675.8594,82676.8125,82675.8672,82681.8047,82681.875
1741805090063342,82676.7109,82680.9219,82680.9219,82681.4609,82681.7656
1741805090817234,82682.0938,82682.3672,82682.3672,82681.5781,82681.8594
1741805091457610,82678.3281,82682.1016,82682.0938,82681.4062,82681.8906
1741805091642868,82678.3984,82682.8906,82678.3984,82681.375,82681.7578
1741805091834055,82678.3594,82678.3672,82678.3672,82681.2578,82681.625
1741805091922825,82678.3906,82682.8906,82682.8906,82681.25,82681.6484
1741805093717739,82682.5391,82682.5469,82682.5469,82681.7188,82681.9688
1741805094337997,82682.5625,82685.6172,82685.6172,82682.0156,82682.4219
1741805094678576,82682.5938,82685.2891,82685.2891,82682.1484,82682.6172
1741805095087668,82682.6016,82686.1562,82682.9062,82682.3281,82682.6406
1741805095405812,82683.0234,82686.1562,82683.0312,82682.4688,82682.6641
1741805095844321,82686.1484,82689.5938,82686.1562,82682.9453,82682.9688
1741805097428333,82690.4766,82690.4922,82690.4922,82685.3359,82685.3516
1741805098198762,82686.2109,82690.8984,82690.8906,82685.8281,82686.2031
1741805100214939,82682.6328,82682.6406,82682.6406,82684.5391,82684.7656
1741805100221631,82682.6328,82682.6406,82682.6406,82684.5391,82684.7656
1741805100850164,82684.1719,82689.5078,82689.2578,82684.8281,82685.3281
1741805101461513,82683.1797,82687.9531,82683.1797,82684.9141,82685.0625
1741805102515186,82682.1016,82683.0391,82683.0312,82684.4219,82684.6328
1741805102516424,82682.0938,82683.0391,82682.0938,82684.4219,82684.6328
1741805102519625,82682.0938,82683.0312,82682.0938,82684.4219,82684.6328
1741805102519705,82682.0938,82682.1016,82682.0938,82684.4219,82684.6328
1741805102522628,82682.0938,82682.1016,82682.0938,82684.4219,82684.6328
1741805103077050,82673.4609,82677.9062,82674.3516,82683.4531,82683.4922
1741805103487006,82687.8125,82687.8203,82687.8203,82683.8125,82683.8438
1741805104045445,82680.5312,82687.8203,82687.8125,82683.8516,82684.2891
1741805104677908,82675.4609,82680.5469,82680.5469,82683.1094,82683.8125
1741805104733800,82675.9297,82681.0391,82680.5469,82683.0547,82683.7734
1741805106747291,82686.9922,82687,82687,82684.6406,82685.0703
1741805106885712,82686.9922,82687,82687,82684.7031,82685.125
1741805106953477,82686.9922,82687,82686.9922,82684.7344,82685.1484
1741805107215198,82686.9922,82687,82687,82684.8516,82685.2422
1741805107445385,82686.9922,82687,82687,82684.9531,82685.3203
1741805107455320,82686.9922,82687,82686.9922,82684.9609,82685.3203
1741805107462294,82686.9922,82687,82686.9922,82684.9609,82685.3203
1741805107466562,82686.9922,82687,82686.9922,82684.9609,82685.3203
1741805107642513,82674.2578,82678.9219,82678.9219,82684.6641,82685.0938
1741805108045993,82673.7188,82684.2266,82684.2266,82684.2031,82685.0234
1741805108495605,82674.2891,82674.2969,82674.2891,82683.3125,82684.0547
1741805108731871,82673.4609,82681.2578,82681.2578,82683.0312,82683.9219
1741805109008061,82674.5469,82674.5625,82674.5625,82682.5625,82683.4062
1741805109013217,82674.5469,82674.5625,82674.5625,82682.5547,82683.3984
1741805109191521,82673.4609,82673.4688,82673.4688,82682.2344,82683.0469
1741805109503029,82673.4609,82673.4688,82673.4688,82681.6875,82682.4531
1741805109763079,82673.4609,82673.4688,82673.4688,82681.2578,82681.9844
1741805109860906,82673.6875,82674.7422,82674.7422,82681.1172,82681.8438
1741805110028867,82673.6875,82681.1406,82681,82680.9922,82681.8125
1741805110570452,82680.3281,82680.3438,82680.3281,82680.9219,82681.6484
1741805110610759,82680.3281,82687.8203,82680.3438,82680.9453,82681.6406
1741805110633715,82687.8125,82687.8203,82687.8203,82680.9766,82681.6719
1741805110798393,82687.8125,82687.8203,82687.8203,82681.2031,82681.875
1741805111100073,82689.25,82689.2578,82689.2578,82681.6875,82682.3203
1741805111173355,82694.2578,82697.3203,82697.3203,82681.8906,82682.5391
1741805111919723,82694.6328,82694.6406,82694.6406,82683.7969,82684.3438
1741805111924675,82694.6328,82694.6406,82694.6406,82683.8047,82684.3516
1741805112018203,82694.6328,82694.6406,82694.6406,82684.0078,82684.5469
1741805112118645,82694.6328,82694.6406,82694.6406,82684.2188,82684.75
1741805112166104,82694.6328,82694.6406,82694.6406,82684.3203,82684.8438
1741805112203689,82694.6328,82694.6406,82694.6406,82684.3984,82684.9141
1741805112296668,82694.6328,82694.6406,82694.6406,82684.5859,82685.0938
1741805112556542,82694.6328,82694.6406,82694.6406,82685.1094,82685.5938
1741805112617405,82694.6328,82694.6406,82694.6406,82685.2266,82685.7031
1741805113184839,82694.6328,82694.6406,82694.6328,82686.2969,82686.7188
1741805113320024,82694.6328,82694.6406,82694.6406,82686.5234,82686.9297
1741805113740610,82694.6328,82694.6406,82694.6406,82687.2031,82687.5781
1741805113911245,82694.6328,82694.6406,82694.6406,82687.4531,82687.8203
1741805114108626,82694.6328,82694.6406,82694.6328,82687.7344,82688.0859
1741805114261729,82694.6328,82694.6406,82694.6406,82687.9453,82688.2891
1741805114531023,82695.2812,82699.6406,82699.6406,82688.4609,82688.8984
1741805114715456,82695.5312,82699.9922,82699.9922,82688.8047,82689.3047
1741805114786513,82699.9922,82701.2422,82700,82688.9688,82689.4531
1741805114795289,82701.2266,82706.6719,82701.2422,82688.9922,82689.4766
1741805114804478,82706.6562,82709.1406,82706.6719,82689.0234,82689.5078
1741805114862239,82709.1328,82709.1406,82709.1406,82689.2578,82689.7344
1741805114908002,82709.1484,82713.8438,82711.9297,82689.4609,82689.9375
1741805114911913,82711.5078,82713.8438,82711.5078,82689.4766,82689.9531
1741805115002285,82711.2266,82724.25,82713.8438,82689.9844,82690.3828
1741805116037110,82734.9531,82734.9609,82734.9531,82699.2891,82699.6094
1741805116063622,82727.9297,82727.9375,82727.9375,82699.4375,82699.7578
1741805116722592,82727.9297,82727.9375,82727.9297,82703.1953,82703.4688
1741805117001234,82718.4375,82718.4531,82718.4375,82704.0469,82704.3047
1741805117063253,82715.6719,82717.6562,82717.6484,82704.2031,82704.4688
1741805117196902,82719.3828,82734.0703,82734.0703,82704.8047,82705.2578
1741805117789180,82711.3828,82718.6172,82718.6094,82706.0156,82706.8359
1741805117916910,82706.0234,82718.4219,82706.0234,82706.1719,82706.8125
1741805117937258,82705.5391,82718.3828,82705.6562,82706.1953,82706.8047
1741805117950222,82705.5391,82718.2422,82705.5469,82706.2109,82706.8047
1741805117960262,82705.5391,82717.9219,82705.5391,82706.2188,82706.8047
1741805117970146,82705.5391,82717.7266,82705.5469,82706.2266,82706.8047
1741805117983900,82704.8984,82717.7109,82705.5625,82706.2422,82706.8047
1741805117994486,82704.8984,82717.6875,82704.8984,82706.25,82706.7969
1741805118014751,82704.8906,82710.1719,82704.9062,82706.2578,82706.7891
1741805118023672,82704.8906,82710.1484,82704.9219,82706.2578,82706.7891
1741805118064259,82702.0391,82704.8594,82704.8594,82706.2344,82706.7734
1741805118202782,82705.5234,82705.5312,82705.5234,82706.2188,82706.7422
1741805118348116,82699.7031,82709.2969,82699.7109,82706.1719,82706.5391
1741805118372825,82699.7109,82708.0781,82699.7109,82706.1641,82706.5078
1741805118400804,82695.2969,82707.8594,82699.7109,82706.1406,82706.4688
1741805118400995,82695.2969,82707.8672,82707.8594,82706.1406,82706.4688
1741805118411355,82696.2734,82707.8438,82699.7188,82706.1328,82706.4531
1741805118450180,82696.2734,82707.7578,82702.2422,82706.1016,82706.4219
1741805118577860,82696.2734,82696.2812,82696.2734,82705.8516,82706.1641
1741805120228052,82694.6328,82694.6406,82694.6406,82702.1484,82702.3594
1741805120562464,82694.6406,82704.1172,82694.6484,82701.9609,82701.8438
1741805120649152,82697.1797,82707.6406,82707.6406,82701.9688,82701.9453
1741805120661095,82697.2031,82712.8828,82712.8672,82701.9766,82701.9688
1741805121229722,82704.6094,82710.2812,82705.8672,82702.6016,82702.4141
1741805121563341,82697.1406,82697.1484,82697.1484,82702.2344,82702.0625
1741805121601906,82697.1406,82704.6016,82697.1484,82702.2266,82702.0234
1741805122189752,82701.5703,82711.25,82701.5781,82702.7188,82701.9688
1741805122533621,82703.7188,82712.75,82703.7266,82703.1016,82702.0859
1741805122966320,82697.1484,82703.7266,82703.7188,82702.8672,82702.2266
1741805123795641,82694.6328,82694.6406,82694.6406,82701.5,82700.9688
1741805124242453,82697.3594,82697.3672,82697.3672,82701.1328,82700.6484
1741805124972451,82704.1328,82704.1406,82704.1406,82701.5703,82701.1562
1741805124987900,82704.1328,82704.1406,82704.1406,82701.5781,82701.1641
1741805125485376,82704.1328,82704.1406,82704.1406,82701.8359,82701.4609
1741805126045628,82704.1328,82704.1406,82704.1406,82702.0938,82701.7578
1741805126316222,82704.1328,82710.1094,82704.1406,82702.3672,82701.8906
1741805126316590,82704.1328,82710.1094,82710.1094,82702.3672,82701.8906
1741805126570245,82704.1328,82704.1406,82704.1328,82702.4609,82702.0078
1741805127295932,82710.5938,82710.6016,82710.6016,82703.6406,82703.2578
1741805127507437,82712.7734,82720.0938,82712.7812,82704.1797,82703.6641
1741805127528106,82719.5703,82728.4766,82726.0469,82704.2578,82703.7578
1741805127550877,82719.5703,82722.4297,82719.5703,82704.3359,82703.8281
1741805127619978,82721.6406,82729.8203,82722.4297,82704.6328,82704.0859
1741805128628037,82731.9688,82731.9766,82731.9688,82710.1406,82709.7109
1741805128790117,82722.4609,82722.4688,82722.4609,82710.5391,82710.125
1741805129509439,82722.4609,82722.4688,82722.4688,82712.2578,82711.8984
1741805131049258,82723.6406,82726.1562,82723.6484,82716.1484,82715.5156
1741805131228621,82720.4531,82726.1562,82723.4609,82716.4062,82715.7969
1741805131563329,82719.5703,82719.5781,82719.5781,82716.6172,82716.0469
1741805131911988,82720.6797,82726.1562,82720.6875,82717.0938,82716.3672
1741805133137971,82721.0078,82721.0234,82721.0234,82718.0547,82717.5078
1741805133780012,82719.5703,82719.5781,82719.5781,82718.25,82717.7734
1741805134004603,82719.5703,82719.5781,82719.5781,82718.3125,82717.8516
1741805134418038,82719.5703,82719.5781,82719.5703,82718.4141,82717.9922
1741805135276417,82719.5703,82719.5781,82719.5703,82718.6172,82718.2656
1741805136016917,82719.5703,82719.5781,82719.5781,82718.7578,82718.4609
1741805136351852,82719.5703,82719.5781,82719.5781,82718.8125,82718.5391
1741805136597340,82719.5703,82719.5781,82719.5781,82718.8516,82718.5938
1741805137722925,82729.7734,82729.7812,82729.7734,82721.3125,82721.1094
1741805138309449,82723.0234,82732.1406,82732.1328,82722.0469,82722.4062
1741805139092260,82729.2109,82729.4688,82729.4609,82723.1875,82723.5078
1741805139515454,82722.2734,82729.2188,82729.2109,82723.4062,82723.9922
1741805139563333,82719.5703,82724.9531,82724.9375,82723.3984,82724
1741805140711983,82720.8828,82726.2422,82726.2422,82723.4375,82724.5156
1741805141206619,82722.4688,82726.2031,82726.2031,82723.5234,82724.6797
1741805141560657,82719.7812,82724.8438,82724.8438,82723.4375,82724.6875
1741805141570773,82722.6328,82724.7969,82722.6406,82723.4375,82724.6797
1741805142052009,82726.2266,82726.2422,82726.2422,82723.7031,82724.8281
1741805142184668,82726.8906,82735.7422,82735.7422,82723.9062,82725.1172
1741805142265112,82727,82735.7422,82727,82724.0234,82725.1484
1741805144298098,82725.8125,82725.8203,82725.8203,82724.75,82725.4219
1741805144312792,82727.3984,82727.4062,82727.3984,82724.7578,82725.4297
1741805144316851,82725.8125,82727.4062,82725.8281,82724.7578,82725.4297
1741805144536791,82725.8125,82731.0938,82725.8203,82724.9219,82725.4453
1741805145081164,82725.8125,82725.8203,82725.8125,82725.0156,82725.4844
1741805145490075,82725.8125,82725.8203,82725.8203,82725.0781,82725.5156
1741805146108319,82725.8125,82725.8203,82725.8203,82725.1719,82725.5547
1741805146390253,82725.8125,82725.8203,82725.8203,82725.2109,82725.5703
1741805147013954,82729.3281,82735.4688,82735.4609,82726.1094,82726.8047
1741805148177251,82731.6094,82741.1172,82736.4922,82728.4922,82729.0547
1741805148337318,82731.1797,82737.7578,82731.1797,82728.6797,82729.125
1741805149318783,82731.9922,82732,82732,82729.3281,82729.6875
1741805149461015,82731.9922,82732,82732,82729.4062,82729.75
1741805150021752,82732.6562,82740.5938,82740.5781,82730.2188,82730.9609
1741805150036361,82732.7031,82740.5938,82740.5938,82730.2344,82730.9922
1741805150495796,82732.75,82739.4688,82739.4609,82730.7734,82731.7734
1741805151056855,82732.75,82739.4609,82732.7578,82731.375,82731.8828
1741805152048556,82735.8438,82735.8516,82735.8438,82732.2578,82732.6719
1741805152063438,82735.8438,82735.8516,82735.8516,82732.2656,82732.6797
1741805152089239,82735.8438,82735.8516,82735.8516,82732.2812,82732.6953
1741805152251004,82735.8438,82740.7266,82735.8516,82732.4766,82732.7969
1741805152370272,82735.8438,82735.8516,82735.8438,82732.5547,82732.8672
1741805153057074,82727.8906,82727.8984,82727.8984,82731.9141,82732.1875
1741805153457269,82728.2031,82735.6406,82735.6406,82731.9141,82732.4609
1741805154792945,82731.2578,82731.2734,82731.2734,82731.7422,82732.1406
1741805155028445,82731.2578,82736.1094,82731.2734,82731.8359,82732.1016
1741805155261629,82731.2578,82731.2734,82731.2734,82731.8125,82732.0625
1741805155731041,82731.2578,82731.2734,82731.2734,82731.7578,82731.9922
1741805156244981,82731.2578,82731.2734,82731.2734,82731.7109,82731.9219
1741805156251579,82731.2578,82731.2734,82731.2578,82731.7109,82731.9219
1741805156612769,82726.25,82734.4297,82734.4219,82731.6094,82732.1016
1741805156673218,82726.25,82734.4375,82734.4297,82731.5938,82732.1328
1741805157473341,82728.6328,82740.4375,82734.5078,82732.0625,82732.5156
1741805158095872,82735.7422,82743.3906,82735.75,82733,82732.9219
1741805158525168,82747.8594,82747.8672,82747.8672,82734.2734,82734.2031
1741805158676313,82747.8594,82747.8672,82747.8672,82734.6875,82734.6172
1741805158955807,82747.8594,82747.8672,82747.8672,82735.4219,82735.3594
1741805159172026,82747.8594,82747.8672,82747.8672,82735.9609,82735.8984
1741805159365435,82747.8594,82747.8672,82747.8672,82736.4219,82736.3594
1741805159748917,82747.8672,82747.8828,82747.8828,82737.2969,82737.2422
1741805160223983,82749.9688,82749.9766,82749.9766,82738.5,82738.4531
1741805160263341,82749.9922,82750,82750,82738.5938,82738.5469
1741805160267171,82749.9922,82750,82750,82738.6016,82738.5547
1741805160349747,82749.9922,82750,82749.9922,82738.7891,82738.7422
1741805160419718,82749.9922,82750,82750,82738.9453,82738.8984
1741805160624249,82749.9922,82750,82750,82739.3984,82739.3516
1741805160640822,82749.9922,82750,82750,82739.4297,82739.3906
1741805160662126,82749.9922,82750,82750,82739.4766,82739.4375
1741805160662208,82749.9922,82750,82750,82739.4766,82739.4375
1741805160662397,82749.9922,82750,82750,82739.4766,82739.4375
1741805161205265,82749.9922,82750,82749.9922,82740.6172,82740.5859
1741805161777317,82749.9922,82750,82750,82741.6875,82741.6641
1741805162197838,82749.9922,82750,82749.9922,82742.3828,82742.3672
1741805162204991,82747.8594,82750,82749.9922,82742.3906,82742.375
1741805162339957,82747.8594,82747.8672,82747.8594,82742.5391,82742.5234
1741805162416505,82744.5938,82747.8672,82747.8594,82742.5938,82742.6016
1741805162535981,82739.3125,82744.6016,82744.5938,82742.5781,82742.6484
1741805162563433,82739.3125,82739.3203,82739.3203,82742.5625,82742.6328
1741805162598115,82739.3125,82745.7734,82745.7734,82742.5625,82742.6562
1741805162700749,82742.6016,82747.8438,82742.6094,82742.6172,82742.6562
1741805163706650,82748.7422,82748.75,82748.75,82743.8516,82743.8828
1741805163707967,82748.7422,82750,82750,82743.8516,82743.8828
1741805163814851,82749.9922,82750,82750,82743.9844,82744.0156
1741805164609802,82749.9922,82750,82749.9922,82744.9375,82744.9688
1741805164624258,82749.9922,82750,82750,82744.9531,82744.9844
1741805164628051,82749.9922,82750,82750,82744.9531,82744.9844
1741805164628533,82749.9922,82750,82750,82744.9531,82744.9844
1741805164629686,82749.9922,82750,82750,82744.9531,82744.9844
1741805164631763,82749.9922,82750,82750,82744.9531,82744.9844
1741805164744241,82749.9922,82750,82750,82745.0703,82745.0938
1741805164798193,82749.9922,82750,82750,82745.125,82745.1484
1741805164798413,82749.9922,82750,82750,82745.125,82745.1484
1741805164798936,82749.9922,82750,82750,82745.125,82745.1484
1741805164806109,82749.9922,82750,82750,82745.1328,82745.1562
1741805164806822,82749.9922,82750,82750,82745.1328,82745.1562
1741805164809249,82749.9922,82750,82750,82745.1328,82745.1562
1741805164809569,82749.9922,82750,82750,82745.1328,82745.1562
1741805164809910,82749.9922,82750,82750,82745.1328,82745.1562
1741805164809939,82749.9922,82750,82750,82745.1328,82745.1562
1741805164810523,82749.9922,82750,82750,82745.1328,82745.1562
1741805164810591,82749.9922,82750,82750,82745.1328,82745.1562
1741805164810723,82749.9922,82750,82750,82745.1328,82745.1562
1741805164810922,82749.9922,82750,82750,82745.1328,82745.1562
1741805164813061,82749.9922,82750,82750,82745.1328,82745.1562
1741805164814152,82749.9922,82750,82750,82745.1328,82745.1562
1741805164814309,82749.9922,82750,82750,82745.1328,82745.1562
1741805164816791,82749.9922,82750,82750,82745.1328,82745.1562
1741805164816946,82749.9922,82750,82750,82745.1328,82745.1562
1741805164818030,82749.9922,82750,82750,82745.1328,82745.1562
1741805164821718,82749.9922,82750,82750,82745.1328,82745.1562
1741805164904875,82749.9922,82750,82750,82745.2109,82745.2344
1741805164908510,82749.9922,82750,82750,82745.2109,82745.2344
1741805164914220,82749.9922,82750,82750,82745.2188,82745.2422
1741805164924345,82749.9922,82750,82750,82745.2266,82745.25
1741805164925157,82749.9922,82750,82750,82745.2266,82745.25
1741805164928024,82749.9922,82750,82750,82745.2266,82745.25
1741805164969241,82749.9922,82750,82750,82745.2656,82745.2891
1741805165031403,82749.9922,82750,82750,82745.3281,82745.3438
1741805165039182,82749.9922,82750,82750,82745.3359,82745.3516
1741805165230606,82749.9922,82750,82750,82745.5156,82745.5312
1741805165232322,82749.9922,82750,82750,82745.5156,82745.5312
1741805165281392,82749.9922,82750,82750,82745.5625,82745.5781
1741805165281691,82749.9922,82750,82750,82745.5625,82745.5781
1741805165281794,82749.9922,82750,82750,82745.5625,82745.5781
1741805165281936,82749.9922,82750,82750,82745.5625,82745.5781
1741805165283719,82749.9922,82750,82750,82745.5625,82745.5781
1741805165283986,82749.9922,82750,82750,82745.5625,82745.5781
1741805165284215,82749.9922,82750,82750,82745.5625,82745.5781
1741805165284931,82749.9922,82750,82750,82745.5625,82745.5781
1741805165284982,82749.9922,82750,82750,82745.5625,82745.5781
1741805165285142,82749.9922,82750,82750,82745.5625,82745.5781
1741805165285175,82749.9922,82750,82750,82745.5625,82745.5781
1741805165285515,82749.9922,82750,82750,82745.5625,82745.5781
1741805165285578,82749.9922,82750,82750,82745.5625,82745.5781
1741805165285966,82749.9922,82750,82750,82745.5625,82745.5781
1741805165286100,82749.9922,82750,82750,82745.5625,82745.5781
1741805165286219,82749.9922,82750,82750,82745.5625,82745.5781
1741805165287203,82749.9922,82750,82750,82745.5625,82745.5781
1741805165287315,82749.9922,82750,82750,82745.5625,82745.5781
1741805165287369,82749.9922,82750,82750,82745.5625,82745.5781
1741805165289034,82749.9922,82750,82750,82745.5625,82745.5781
1741805165289383,82749.9922,82750,82750,82745.5625,82745.5781
1741805165289649,82749.9922,82750,82750,82745.5625,82745.5781
1741805165289772,82749.9922,82750,82750,82745.5625,82745.5781
1741805165290869,82749.9922,82750,82750,82745.5625,82745.5781
1741805165292515,82749.9922,82750,82750,82745.5625,82745.5781
1741805165292657,82749.9922,82750,82750,82745.5625,82745.5781
1741805165293294,82749.9922,82750,82750,82745.5625,82745.5781
1741805165294371,82749.9922,82750,82750,82745.5625,82745.5781
1741805165294879,82749.9922,82750,82750,82745.5625,82745.5781
1741805165295252,82749.9922,82750,82750,82745.5625,82745.5781
1741805165295291,82749.9922,82750,82750,82745.5625,82745.5781
1741805165296441,82749.9922,82750,82750,82745.5625,82745.5781
1741805165298086,82749.9922,82750,82750,82745.5625,82745.5781
1741805165304467,82749.9922,82750,82750,82745.5703,82745.5859
1741805165593659,82758.0234,82758.0312,82758.0234,82746.2891,82746.3047
1741805165609822,82758.0234,82758.0312,82758.0234,82746.3281,82746.3438
1741805166043778,82758.0234,82758.0312,82758.0312,82747.3438,82747.3594
1741805166359478,82770.5078,82775.1094,82770.5234,82748.9531,82748.8203
1741805166388502,82775.1016,82775.1094,82775.1016,82749.1016,82748.9766
1741805166587380,82775.1016,82776.25,82775.1094,82750.1562,82750.0156
1741805166752907,82777.0234,82777.0312,82777.0234,82751.0469,82750.9062
1741805167271108,82777.0234,82781,82777.0312,82753.9453,82753.6172
1741805168307998,82787.0781,82789.4297,82789.4219,82761.0625,82761.0391
1741805168559621,82787.0781,82787.0938,82787.0781,82762.375,82762.3516
1741805168563558,82783.4766,82787.0781,82787.0781,82762.3906,82762.3672
1741805168945829,82783.4766,82783.4922,82783.4766,82764,82763.9844
1741805169304632,82775.2188,82775.2266,82775.2188,82764.8047,82764.7891
1741805169704000,82768.9531,82768.9609,82768.9531,82765.1328,82765.125
1741805170076366,82758.2891,82758.2969,82758.2891,82764.625,82764.6172
1741805170094670,82758.2891,82758.2969,82758.2891,82764.6016,82764.5938
1741805170662408,82758.2891,82758.2969,82758.2891,82763.8828,82763.875
1741805170663184,82758.2891,82758.2969,82758.2891,82763.8828,82763.875
1741805171009651,82751.7109,82751.7188,82751.7188,82763.0391,82763.0312
1741805171197005,82751.8281,82751.8438,82751.8281,82762.6172,82762.6094
1741805171199687,82751.8281,82760.6875,82751.8438,82762.6172,82762.6016
1741805171456864,82751.8281,82751.8438,82751.8438,82762.0625,82762.0469
1741805171590267,82751.8281,82751.8438,82751.8438,82761.7891,82761.7734
1741805171668441,82751.8281,82751.8438,82751.8281,82761.6328,82761.6172
1741805171913663,82743.8594,82751.3672,82751.3672,82760.9453,82761.1172
1741805172084938,82743.8594,82743.8672,82743.8672,82760.3594,82760.5234
1741805172147727,82743.8594,82743.8672,82743.8594,82760.1484,82760.3125
1741805172189583,82735.7578,82735.7734,82735.7734,82759.9453,82760.1094
1741805172287667,82735.7578,82735.7734,82735.7734,82759.4688,82759.6328
1741805172942763,82735.7578,82735.7734,82735.7734,82756.3594,82756.5078
1741805173828424,82733.5938,82741.8828,82733.6016,82753.0625,82752.4531
1741805174008028,82733.5938,82733.6016,82733.6016,82752.3594,82751.7734
1741805174058260,82733.5938,82733.6016,82733.6016,82752.1719,82751.5938
1741805175542480,82733.5938,82733.6016,82733.6016,82746.6562,82746.25
1741805175725190,82733.5938,82733.6016,82733.6016,82746.1797,82745.7891
1741805175949029,82733.5938,82733.6016,82733.6016,82745.6172,82745.2422
1741805176092499,82733.5938,82733.6016,82733.6016,82745.2734,82744.9062
1741805176403176,82741.1406,82741.1484,82741.1484,82745.0156,82744.6719
1741805176752516,82741.1406,82741.1484,82741.1484,82744.7422,82744.4219
1741805176760489,82741.1406,82741.1484,82741.1484,82744.7344,82744.4141
1741805177659926,82741.1406,82741.1484,82741.1484,82744.0859,82743.8281
1741805177767682,82741.1406,82741.1484,82741.1484,82744.0234,82743.7734
1741805177864934,82741.1406,82741.1484,82741.1406,82743.9688,82743.7188
1741805178163161,82736.2891,82740.4297,82736.3125,82743.6328,82743.2734
1741805178176823,82733.5938,82740.3438,82736.2812,82743.6172,82743.2578
1741805178215938,82734.7109,82739.7422,82739.7422,82743.5703,82743.2266
1741805178620612,82734.7266,82738.9688,82738.9297,82743.0234,82742.875
1741805179417026,82736.0781,82736.0938,82736.0938,82741.9219,82741.7969
1741805179741765,82736.0781,82736.0938,82736.0938,82741.5391,82741.4297
1741805180609049,82734.8125,82736.0781,82736.0781,82740.4844,82740.5
1741805181136875,82734.7266,82736.1094,82736.1094,82739.9531,82740.0391
1741805181576910,82734.7422,82736.1094,82735.9531,82739.5547,82739.6797
1741805182676392,82735.9062,82735.9219,82735.9219,82738.7578,82738.8516
1741805182729325,82735.9062,82735.9219,82735.9219,82738.7266,82738.8203
1741805182973397,82735.9062,82735.9219,82735.9219,82738.5859,82738.6797
1741805183072268,82735.9062,82735.9219,82735.9062,82738.5312,82738.625
1741805184199780,82734.7188,82735.9219,82735.9219,82737.8047,82738.0156
1741805184507937,82736.5234,82747.0312,82747.0234,82738.0469,82738.5703
1741805185102109,82737.5,82743.4688,82743.4688,82738.3359,82739.1562
1741805185438385,82743.4609,82743.4688,82743.4609,82738.6797,82739.4453
1741805185567266,82743.4609,82743.4688,82743.4688,82738.8047,82739.5469
1741805186227674,82743.4609,82743.4688,82743.4609,82739.4219,82740.0625
1741805186544650,82737.5078,82737.5234,82737.5234,82739.3047,82739.8984
1741805186747452,82738.3594,82738.3828,82738.3672,82739.2656,82739.8359
1741805186991968,82738.3594,82738.3672,82738.3594,82739.2188,82739.7656
1741805187003001,82738.3594,82738.3672,82738.3594,82739.2188,82739.7656
1741805187014751,82738.3594,82738.3672,82738.3594,82739.2188,82739.7656
1741805187040654,82737.5078,82738.3672,82738.3594,82739.2109,82739.7578
1741805187253963,82734.7188,82737.5234,82737.5078,82739.0781,82739.6641
1741805187265949,82728.0234,82734.7266,82734.7188,82739.0625,82739.6484
1741805187344543,82728.5312,82733.9688,82728.5391,82738.9375,82739.4766
1741805187493387,82728.0078,82728.0312,82728.0234,82738.6094,82739.1328
1741805187522190,82722.4688,82722.4766,82722.4766,82738.5156,82739.0391
1741805187563326,82722.4688,82722.4766,82722.4766,82738.3828,82738.9062
1741805187864814,82722.4688,82722.4766,82722.4766,82737.4219,82737.9141
1741805187879445,82722.4688,82722.4766,82722.4766,82737.375,82737.8672
1741805188382272,82722.4688,82722.4766,82722.4688,82735.875,82736.3203
1741805188708682,82719.5703,82719.5781,82719.5703,82734.8125,82735.2266
1741805188948445,82719.5703,82719.5781,82719.5781,82734.0781,82734.4766
1741805189409713,82719.5703,82719.5781,82719.5703,82732.7422,82733.1016
1741805189489391,82710.0703,82711.5,82711.4922,82732.3906,82732.7578
1741805189500077,82700.5703,82711.4922,82710.0703,82732.3359,82732.7109
1741805189563803,82700,82700.0078,82700.0078,82731.9219,82732.2969
1741805189705718,82700,82700.5781,82700.0078,82731.0234,82731.3828
1741805190616604,82710.2109,82710.2188,82710.2188,82727.2344,82727.5234
1741805191691817,82710.2109,82710.2188,82710.2109,82723.5781,82723.7969
1741805192409125,82704.2891,82704.2969,82704.2969,82720.8125,82721
1741805192520938,82704.2891,82704.2969,82704.2969,82720.4453,82720.625
1741805193136330,82705.2812,82705.2891,82705.2812,82718.5781,82718.7344
1741805193406525,82704.8516,82704.8594,82704.8594,82717.8359,82717.9844
1741805193517630,82704.8516,82704.8594,82704.8594,82717.5469,82717.6953
1741805193562726,82704.2891,82704.8594,82704.8516,82717.4297,82717.5781
1741805194794485,82704.8516,82704.8594,82704.8594,82714.3359,82714.4453
1741805195589253,82704.8516,82704.8594,82704.8594,82712.8281,82712.9219
1741805196198355,82717.5938,82717.6016,82717.5938,82713.4062,82713.4922
1741805196810753,82717.5938,82717.6016,82717.6016,82713.9219,82713.9922
1741805197791044,82717.6016,82717.6094,82717.6094,82714.6484,82714.7031
1741805197835619,82717.6016,82717.6094,82717.6094,82714.6719,82714.7266
1741805198063527,82712.8125,82714.2266,82714.2266,82714.6172,82714.7031
1741805198880386,82713.2422,82713.25,82713.25,82714.3906,82714.4688
1741805199447711,82713.2266,82713.2422,82713.2422,82714.2578,82714.3281
1741805199885385,82713.2266,82713.2422,82713.2422,82714.1719,82714.2344
1741805200161557,82713.2266,82713.2422,82713.2422,82714.1172,82714.1797
1741805200589556,82713.2266,82713.2422,82713.2266,82714.0391,82714.1016
1741805200796709,82713.2266,82713.2422,82713.2266,82714.0078,82714.0625
1741805201626048,82713.2266,82713.2422,82713.2266,82713.8828,82713.9219
1741805201718766,82704.8516,82705.8984,82705.8906,82713.7266,82713.7734
1741805201728841,82704.8516,82704.8594,82704.8516,82713.7109,82713.7578
1741805202067123,82698.7812,82698.7891,82698.7891,82712.7031,82712.7422
1741805202285384,82698.7812,82698.7891,82698.7891,82712.0938,82712.1328
1741805202301994,82698.7812,82698.7891,82698.7891,82712.0469,82712.0859
1741805202642699,82698.7812,82698.7891,82698.7812,82711.1406,82711.1797
1741805202678748,82698.7812,82698.7891,82698.7891,82711.0547,82711.0938
1741805202777088,82698.7812,82698.7891,82698.7812,82710.8125,82710.8516
1741805202825865,82690.8672,82690.8828,82690.8828,82710.6172,82710.6562
1741805203180132,82690.8594,82690.8828,82690.8672,82709.2188,82709.2578
1741805203263141,82682.0469,82688.7812,82682.0469,82708.8203,82708.8047
1741805203277459,82680.8125,82686.0078,82680.9531,82708.75,82708.7266
1741805203282676,82680.5625,82683.3828,82680.5625,82708.7188,82708.6953
1741805203290177,82680.5625,82681.3125,82680.5625,82708.6797,82708.6562
1741805203292731,82680.5625,82680.7109,82680.5625,82708.6641,82708.6406
1741805203293005,82680.5625,82680.7109,82680.5625,82708.6641,82708.6406
1741805203294218,82680.5625,82680.7109,82680.5625,82708.6562,82708.6328
1741805203294444,82680.5625,82680.7109,82680.5625,82708.6562,82708.6328
1741805203295474,82680.5625,82680.5703,82680.5625,82708.6484,82708.625
1741805203299557,82680.5469,82680.5703,82680.5469,82708.625,82708.6016
1741805203299933,82680.5469,82680.5703,82680.5469,82708.625,82708.6016
1741805203300138,82680.5469,82680.5703,82680.5469,82708.625,82708.6016
1741805203300181,82680.5469,82680.5703,82680.5469,82708.625,82708.6016
1741805203300673,82680.5469,82680.5703,82680.5469,82708.625,82708.6016
1741805203301666,82680.5469,82680.5625,82680.5469,82708.6172,82708.5938
1741805203305243,82680.5469,82680.5625,82680.5469,82708.5938,82708.5703
1741805203369668,82680.5469,82680.5625,82680.5469,82708.2344,82708.2109
1741805203381515,82680.5469,82680.5625,82680.5469,82708.1719,82708.1484
1741805203389136,82680.5469,82680.5625,82680.5469,82708.1328,82708.1094
1741805203451628,82673.7422,82673.75,82673.7422,82707.7031,82707.6797
1741805203606285,82671,82672.2031,82672.1875,82706.5859,82706.5781
1741805204043665,82671,82671.0078,82671.0078,82703.4766,82703.4688
1741805204381932,82671,82671.0078,82671,82701.2812,82701.2734
1741805204382044,82666.1484,82671.0078,82671,82701.2812,82701.2734
1741805204428299,82662.6875,82666.1562,82666.1484,82700.9375,82700.9453
1741805204484693,82658.1406,82666.1328,82666.1172,82700.5,82700.5547
1741805205349315,82670.2109,82670.2188,82670.2188,82695.2656,82695.3125
1741805205391512,82670.2109,82670.2188,82670.2109,82695.0547,82695.1016
1741805205964971,82670.2109,82670.2188,82670.2188,82692.2031,82692.25
1741805206081218,82672.1562,82672.1719,82672.1562,82691.7344,82691.7812
1741805206189182,82672.1562,82672.1719,82672.1719,82691.3125,82691.3594
1741805206863096,82680.5,82680.5078,82680.5,82689.8516,82689.8984
1741805207191878,82680.5,82680.5078,82680.5,82689.2344,82689.2812
1741805207827378,82680.5,82680.5078,82680.5078,82688.125,82688.1641
1741805208015298,82680.5,82680.5078,82680.5,82687.8359,82687.875
1741805208243540,82680.5,82680.5078,82680.5078,82687.5,82687.5391
1741805208589042,82680.5,82680.5078,82680.5078,82687.0156,82687.0547
1741805209048090,82680.5,82680.5078,82680.5078,82686.4141,82686.4531
1741805210060635,82688.4062,82692.3672,82688.4062,82687.2188,82686.8516
1741805211512765,82689.6797,82691.1016,82691.0938,82688.1406,82688.0859
1741805211784873,82692.3672,82692.3828,82692.3828,82688.3672,82688.3203
1741805211853735,82692.3672,82692.3828,82692.3828,82688.4219,82688.375
1741805212182580,82692.3672,82692.3828,82692.3828,82688.6797,82688.6406
1741805213310241,82697.3516,82702.9375,82702.9219,82691.2656,82691.8594
1741805213669353,82698.0078,82710.25,82698.0078,82692.1875,82692.3047
1741805214556387,82697.4766,82697.4922,82697.4766,82693.125,82693.2188
1741805214635639,82697.4766,82697.4922,82697.4766,82693.1953,82693.2891
1741805214953589,82695.2031,82695.2109,82695.2109,82693.3203,82693.4141
1741805215521489,82695.2031,82695.2109,82695.2109,82693.5312,82693.6172
1741805215593099,82695.2031,82695.2109,82695.2031,82693.5547,82693.6406
1741805216135311,82688.4219,82688.4297,82688.4297,82693,82693.0781
1741805216264713,82688.4219,82688.4297,82688.4297,82692.8828,82692.9609
1741805216374035,82688.4219,82688.4297,82688.4297,82692.7891,82692.8594
1741805216577549,82688.4219,82688.4297,82688.4297,82692.6094,82692.6797
1741805216868507,82688.4219,82688.4297,82688.4219,82692.3672,82692.4297
1741805216868584,82688.4219,82688.4297,82688.4219,82692.3672,82692.4297
1741805216869016,82683.75,82688.4297,82683.7578,82692.3672,82692.4297
1741805216896229,82678.9219,82685.9688,82685.3125,82692.3125,82692.3906
1741805216926507,82678.9219,82685.9688,82685.9609,82692.25,82692.3516
1741805217063122,82672.4062,82672.4219,82672.4219,82691.7109,82691.8047
1741805217308036,82672.4062,82672.4219,82672.4219,82690.7656,82690.8516
1741805217728046,82672.4062,82672.4219,82672.4219,82689.2266,82689.3047
1741805217942667,82672.4062,82672.4219,82672.4219,82688.5078,82688.5781
1741805218358419,82672.4062,82672.4219,82672.4219,82687.1719,82687.2344
1741805218797610,82672.4062,82672.4219,82672.4219,82685.875,82685.9297
1741805218813345,82672.4062,82672.4219,82672.4062,82685.8359,82685.8906
1741805219060839,82666.1484,82666.1562,82666.1562,82684.8594,82684.9141
1741805220186373,82666.1484,82666.1562,82666.1484,82680.6484,82680.6875
1741805220250957,82656.5312,82662.4375,82662.4297,82680.375,82680.4531
1741805220381259,82655.7266,82655.7422,82655.7266,82679.7344,82679.8125
1741805220461449,82655.7266,82655.7422,82655.7266,82679.3516,82679.4297
1741805220519020,82655.7266,82655.7422,82655.7266,82679.0781,82679.1562
1741805220523434,82650,82655.7422,82655.7266,82679.0547,82679.1328
1741805220582850,82650,82650.0234,82650.0078,82678.7109,82678.7891
1741805220605278,82647.0312,82647.0391,82647.0312,82678.5703,82678.6484
1741805220615796,82641.4219,82647.0391,82646.3906,82678.5,82678.5781
1741805220759717,82641.4219,82641.4297,82641.4297,82677.4297,82677.5078
1741805220867253,82641.4219,82641.4297,82641.4297,82676.6562,82676.7344
1741805221462773,82641.4219,82641.4297,82641.4297,82672.4609,82672.5312
1741805221705454,82641.4219,82641.4297,82641.4297,82670.9531,82671.0234
1741805221863838,82641.4219,82641.4297,82641.4297,82670.0156,82670.0859
1741805222284782,82650.5,82650.8125,82650.7969,82668.3828,82668.4609
1741805222420207,82650.7969,82650.8125,82650.8125,82667.9062,82667.9844
1741805222613480,82650.8125,82655.7188,82650.8203,82667.3438,82667.3203
1741805222630575,82650.8438,82655.7188,82655.7188,82667.2969,82667.2812
1741805222884415,82653.1719,82655.7188,82653.1797,82666.6406,82666.5625
1741805222947488,82661.3984,82661.4062,82661.4062,82666.5781,82666.5
1741805223011513,82668.5938,82672.4062,82672.4062,82666.625,82666.5781
1741805223056268,82665.2109,82672.4062,82672.3984,82666.6484,82666.6328
1741805223195350,82661.4219,82665.2188,82665.2109,82666.5547,82666.5938
1741805224628547,82648.1875,82654.0469,82654.0469,82662.1328,82663
1741805225146559,82650.9922,82660.1797,82651.0625,82661.4531,82661.7656
1741805225156291,82650.3984,82659.4609,82651.0625,82661.4375,82661.7422
1741805225170359,82642.8828,82657.5,82650.3984,82661.4062,82661.7109
1741805225669037,82653.7266,82657.4375,82653.7266,82660.8281,82660.9141
1741805226146816,82657.4297,82657.4375,82657.4375,82660.5078,82660.5781
1741805226158010,82657.4297,82660.6172,82657.4375,82660.5078,82660.5703
1741805226183699,82660.6094,82661.75,82660.6172,82660.5078,82660.5703
1741805226377567,82661.7422,82661.75,82661.75,82660.5547,82660.6172
1741805226590507,82671.3828,82672.3281,82672.3281,82661.0391,82661.1172
1741805227356226,82670.1172,82680.5938,82680.5938,82663.2344,82664.1016
1741805227738442,82672.6484,82675.4766,82672.6484,82664.0625,82664.7578
1741805228023748,82672.75,82680.7031,82680.6875,82664.7812,82665.6641
1741805228596560,82671.1016,82671.1094,82671.1094,82665.5078,82666.2891
1741805228843547,82671.1016,82671.1094,82671.1094,82665.7812,82666.5234
1741805228950089,82671.1016,82671.1094,82671.1094,82665.8984,82666.625
1741805229053743,82671.1016,82671.1094,82671.1016,82666.0078,82666.7188
1741805229155605,82671.1016,82671.1094,82671.1094,82666.1094,82666.8047
1741805229501658,82671.1016,82671.1094,82671.1094,82666.4531,82667.1016
1741805229617457,82671.1016,82680.6094,82671.1094,82666.6719,82667.1953
1741805229762257,82675.2188,82680.7188,82675.2188,82667,82667.4297
1741805230065338,82673.9688,82680.7188,82680.7188,82667.625,82668.2344
1741805230431295,82674.0625,82674.0703,82674.0703,82668.0938,82668.6641
1741805230508963,82677.9609,82681.4922,82677.9609,82668.2734,82668.8047
1741805230715143,82677.1797,82679.8516,82677.1797,82668.6953,82669.1484
1741805230730330,82677.2031,82679.8516,82679.8516,82668.7266,82669.1797
1741805230730396,82677.2031,82681.4922,82679.8516,82668.7266,82669.1797
1741805230739053,82677.2188,82681.4922,82679.8516,82668.7422,82669.1953
1741805231018709,82681.4766,82681.4922,82681.4922,82669.4531,82669.8828
1741805231313165,82681.4922,82688.3906,82688.3828,82670.3672,82670.9688
1741805231325494,82681.5,82687.5234,82687.5234,82670.3984,82671.0078
1741805231576229,82681.4766,82681.4922,82681.4922,82670.9531,82671.5312
1741805231662862,82681.3594,82681.4922,82681.4766,82671.1328,82671.7031
1741805232440720,82674.0625,82674.0703,82674.0625,82671.5859,82672.0703
1741805232578414,82670.1094,82670.1172,82670.1094,82671.5469,82672.0156
1741805232629107,82663.9688,82670.0625,82663.9766,82671.5,82671.9375
1741805232787889,82668.3828,82683.5078,82678.2734,82671.6406,82672.1406
1741805233213302,82669.8125,82679.3516,82679.3438,82671.8906,82672.75
1741805233571394,82669.4062,82669.4219,82669.4219,82671.7109,82672.5078
1741805234133657,82669.4062,82669.4219,82669.4062,82671.4531,82672.1562
1741805234492422,82659.3672,82659.3828,82659.3828,82670.5859,82671.2422
1741805234520291,82659.3672,82659.3828,82659.3672,82670.5234,82671.1797
1741805234554387,82659.3672,82659.3828,82659.3672,82670.4453,82671.1016
1741805234574235,82657.4297,82659.3828,82659.3672,82670.3984,82671.0547
1741805234792083,82657.4297,82657.4375,82657.4375,82669.8359,82670.4609
1741805234901151,82657.4297,82657.4375,82657.4297,82669.5625,82670.1797
1741805235104094,82649.0625,82656.6094,82656.6094,82668.8828,82669.625
1741805235602259,82649.1875,82657.0469,82657.0234,82667.3125,82668.3672
1741805236184580,82657.0391,82657.0469,82657.0469,82666.1172,82667.0469
1741805236298072,82657.4062,82659.3828,82657.4219,82665.9453,82666.8281
1741805237063046,82657.6719,82657.6797,82657.6797,82664.6797,82665.4297
1741805237303200,82657.6719,82657.6797,82657.6797,82664.3438,82665.0547
1741805237488237,82651.5234,82657.0703,82657.0625,82663.9688,82664.7578
1741805237723504,82651.5078,82651.5312,82651.5234,82663.3828,82664.1328
1741805237879058,82651.5078,82658.5625,82658.5625,82663.125,82663.9609
1741805238063466,82651.5234,82658.4219,82658.4219,82662.8203,82663.7578
1741805238593293,82651.8203,82657.8281,82657.8281,82661.9766,82663.1328
1741805238867439,82651.6797,82657.8281,82657.8203,82661.5781,82662.8438
1741805238868313,82651.6797,82657.8281,82657.8281,82661.5781,82662.8438
1741805239565424,82659.3672,82662.7812,82659.3828,82661.5078,82662.3594
1741805239898103,82665.4375,82667.4766,82665.4375,82661.8359,82662.5625
1741805240130880,82665.5,82667.4766,82667.4766,82662.0547,82662.7891
1741805240357740,82665.4609,82665.5703,82665.5,82662.2109,82662.9141
1741805240538085,82665.4609,82665.5312,82665.4688,82662.3281,82663.0078
1741805242612118,82665.4609,82665.4688,82665.4688,82663.6328,82664.0312
1741805242773932,82665.4609,82665.4688,82665.4609,82663.6953,82664.0781
1741805242982714,82665.4609,82665.4688,82665.4609,82663.7656,82664.1328
1741805243294543,82665.4609,82665.4688,82665.4609,82663.875,82664.2188
1741805243400735,82665.4609,82665.4688,82665.4609,82663.9062,82664.2422
1741805243920390,82665.4609,82665.4688,82665.4688,82664.0703,82664.3672
1741805244037963,82665.4609,82665.4688,82665.4609,82664.1016,82664.3906
1741805244041656,82665.4609,82665.4688,82665.4609,82664.1016,82664.3906
1741805244063254,82659.4922,82659.5,82659.5,82664.0781,82664.3672
1741805244089575,82659.4766,82659.5,82659.4922,82664.0547,82664.3438
1741805244089644,82659.4766,82659.5,82659.4766,82664.0547,82664.3438
1741805244089709,82659.4766,82659.5,82659.4766,82664.0547,82664.3438
1741805244089758,82659.4062,82659.5,82659.4766,82664.0547,82664.3438
1741805244097967,82655.8438,82659.4219,82659.4062,82664.0469,82664.3359
1741805244145369,82655.8438,82655.8516,82655.8438,82663.9688,82664.2578
1741805244192419,82649.1719,82649.9531,82649.9375,82663.8359,82664.125
1741805244227219,82646.3438,82646.3516,82646.3438,82663.7109,82664
1741805244237210,82645.2734,82646.3516,82646.3438,82663.6719,82663.9609
1741805244264803,82640.1719,82646.4297,82645.2734,82663.5625,82663.8594
1741805244298853,82640.1719,82646.4219,82646.3203,82663.4219,82663.7422
1741805244343063,82634.6875,82644.6484,82643.7969,82663.2109,82663.5625
1741805244550864,82634.7031,82634.7109,82634.7109,82662.0234,82662.3672
1741805244817436,82634.7031,82634.7109,82634.7031,82660.5703,82660.8906
1741805244933684,82634.6797,82634.7031,82634.6875,82659.9688,82660.2812
1741805244950944,82634.6562,82642.9375,82642.9375,82659.8984,82660.2188
1741805245063098,82634.6484,82643.7812,82634.6562,82659.4375,82659.6484
1741805245271928,82634.6797,82634.6875,82634.6797,82658.4062,82658.6094
1741805245282219,82634.6484,82634.6562,82634.6484,82658.3594,82658.5625
1741805245294021,82634.6484,82634.6562,82634.6484,82658.3047,82658.5078
1741805245303867,82634.6484,82634.6562,82634.6484,82658.2578,82658.4609
1741805245339130,82634.6484,82634.6562,82634.6562,82658.0938,82658.2969
1741805245347885,82634.6484,82634.6562,82634.6562,82658.0547,82658.2578
1741805245621288,82627.75,82634.6562,82634.6484,82656.5859,82656.9688
1741805246326432,82627.75,82634.6562,82627.7578,82653.0078,82652.8516
1741805246523726,82634.6484,82634.6562,82634.6562,82652.2812,82652.1328
1741805246535394,82634.6484,82634.6562,82634.6484,82652.2422,82652.0938
1741805246857858,82634.6484,82634.6562,82634.6562,82651.1094,82650.9688
1741805247183286,82634.6484,82634.6562,82634.6562,82650.0391,82649.9062
1741805247302047,82634.6484,82634.6562,82634.6562,82649.6719,82649.5469
1741805249818292,82639.5469,82639.5625,82639.5625,82644.5781,82644.5234
1741805250435122,82634.6484,82634.6562,82634.6484,82643.3516,82643.3047
1741805251278972,82634.6484,82634.6562,82634.6562,82641.8828,82641.8438
1741805251982741,82634.6484,82634.6562,82634.6562,82640.8672,82640.8359
1741805252347154,82634.6484,82634.6562,82634.6562,82640.4141,82640.3828
1741805252800346,82634.6484,82634.6562,82634.6484,82639.8906,82639.8594
1741805253023170,82627.75,82628.0938,82628.0781,82639.3594,82639.3359
1741805253050830,82627.75,82627.7578,82627.75,82639.2969,82639.2734
1741805253064330,82621.1875,82621.2031,82621.2031,82639.25,82639.2266
1741805253401341,82621.1875,82621.2031,82621.2031,82638.0312,82638.0156
1741805253780028,82621.1875,82621.2031,82621.2031,82636.7578,82636.7422
1741805253994013,82621.1875,82621.2031,82621.2031,82636.0938,82636.0781
1741805254177112,82621.1875,82621.2031,82621.1875,82635.5469,82635.5312
1741805254444575,82621.1875,82621.2031,82621.2031,82634.7812,82634.7656
1741805254657251,82621.1875,82622.0469,82621.2031,82634.2188,82634.1875
1741805255338324,82634.6484,82640.1797,82634.6562,82634.6562,82634.25
1741805255374851,82640.1797,82640.1875,82640.1875,82634.6953,82634.2969
1741805255544671,82640.1797,82640.2031,82640.1875,82634.8828,82634.5
1741805256666479,82643.7891,82643.7969,82643.7969,82636.8828,82636.5859
1741805256882377,82643.7891,82643.7969,82643.7969,82637.1797,82636.8984
1741805258231634,82643.7891,82643.7969,82643.7969,82638.9688,82638.7578
1741805258235933,82643.7969,82648.1406,82648.1328,82638.9766,82638.7656
1741805259586156,82650.3672,82650.3828,82650.3828,82642.0547,82641.9062
1741805260292074,82650.3672,82650.3828,82650.3672,82643.2266,82643.1016
1741805260607490,82650.3672,82650.3828,82650.3672,82643.6797,82643.5625
1741805260774783,82650.3672,82650.3828,82650.3672,82643.9062,82643.7891
1741805260844770,82650.3672,82651.9609,82650.3828,82644.0078,82643.8828
1741805261691916,82651.6719,82651.6797,82651.6797,82645.3047,82645.2031
1741805261745775,82656.4609,82659.4922,82656.4688,82645.4375,82645.3281
1741805261852296,82656.75,82659.4922,82659.4766,82645.7109,82645.6328
1741805262460751,82656.4219,82656.4297,82656.4297,82647.0156,82646.9453
1741805262910180,82656.4062,82656.4297,82656.4219,82647.8594,82647.7969
1741805263825278,82650.0938,82650.1016,82650.1016,82648.2656,82648.2188
1741805263911486,82650.0938,82650.1016,82650.1016,82648.2969,82648.25
1741805263997791,82650.0938,82650.1016,82650.1016,82648.3281,82648.2812
1741805264887770,82650.0938,82650.1016,82650.1016,82648.6406,82648.6016
1741805265059160,82650.0938,82650.1016,82650.0938,82648.6875,82648.6562
1741805265255094,82650.0938,82650.1016,82650.1016,82648.7422,82648.7109
1741805265475463,82650.0938,82650.1016,82650.0938,82648.8047,82648.7734
1741805265619050,82650.0938,82650.1016,82650.0938,82648.8438,82648.8125
1741805265704295,82650.0938,82650.1016,82650.1016,82648.8672,82648.8359
1741805265958373,82650.0938,82650.1016,82650.1016,82648.9297,82648.8984
1741805266456219,82650.0938,82650.1016,82650.1016,82649.0469,82649.0156
1741805266535020,82650.0938,82650.1016,82650.0938,82649.0625,82649.0312
1741805266788385,82650.0938,82650.1016,82650.0938,82649.1172,82649.0859
1741805267006425,82650.0938,82650.1016,82650.0938,82649.1562,82649.1328
1741805267191153,82651.8594,82651.8672,82651.8672,82649.2578,82649.2344
1741805267194681,82651.8594,82651.8672,82651.8672,82649.2578,82649.2344
1741805267201238,82651.8672,82659.4688,82651.8672,82649.2656,82649.2344
1741805267817608,82652.3984,82659.4609,82659.4609,82650.0859,82650.4922
1741805267861925,82652.4609,82659.4609,82652.4609,82650.1406,82650.5078
1741805268543138,82652.5938,82652.8203,82652.6016,82650.4922,82650.7969
1741805271440619,82652.6328,82652.6406,82652.6406,82651.7344,82651.8672
1741805271531321,82652.6328,82652.6406,82652.6406,82651.75,82651.8828
1741805272193810,82652.6328,82652.8203,82652.6406,82651.8828,82651.9844
1741805272193917,82652.6328,82659.4688,82657.6016,82651.8828,82651.9844
1741805272198758,82654.4375,82662.5781,82659.4922,82651.8906,82651.9922
1741805274245767,82672.0625,82672.0703,82672.0703,82660.1484,82660.2109
1741805274487728,82672.0625,82672.0703,82672.0625,82660.7266,82660.7812
1741805274487799,82665.5781,82672.0703,82672.0703,82660.7266,82660.7812
1741805274521898,82663.8281,82672.0312,82672.0312,82660.7734,82660.8594
1741805274803015,82668.0781,82672.0703,82672.0703,82661.2969,82661.4922
1741805275025492,82672.0625,82672.0703,82672.0703,82661.7734,82661.9609
1741805275029236,82672.0625,82680.1719,82672.0703,82661.7812,82661.9688
1741805275133052,82673.3594,82680.1719,82673.3594,82662.0938,82662.2031
1741805275374309,82673.3828,82680.1484,82673.4531,82662.8047,82662.7422
1741805276879327,82673.8594,82673.8672,82673.8672,82666.1328,82666.0938
1741805277445067,82673.8594,82673.8672,82673.8594,82667.0078,82666.9688
1741805277521557,82673.8594,82673.8672,82673.8672,82667.1094,82667.0781
1741805277832227,82673.8594,82674.4688,82673.8672,82667.5469,82667.5
1741805277966289,82673.8906,82674.4688,82673.8906,82667.7266,82667.6719
1741805278207698,82674.4609,82674.4688,82674.4688,82668.0547,82668
1741805278311129,82673.8828,82674.4688,82673.8828,82668.1797,82668.125
1741805278671164,82673.8828,82675.2734,82674.4688,82668.6406,82668.5781
1741805280184331,82673.8672,82673.8828,82673.8828,82670.2266,82670.1797
1741805280193818,82673.8672,82673.8828,82673.8828,82670.2344,82670.1875
1741805281772932,82673.8672,82673.8828,82673.8828,82671.3828,82671.3516
1741805281777357,82673.8828,82676.1094,82675.2812,82671.3828,82671.3516
1741805281788724,82677.3516,82680.1719,82680.1484,82671.3984,82671.375
1741805282199579,82681.8125,82694.6094,82681.8203,82672.7812,82672.2344
1741805284857264,82681.9688,82681.9766,82681.9766,82677.6641,82677.4141
1741805284866020,82683.5234,82691.5,82683.5312,82677.6797,82677.4219
1741805285509616,82690.5938,82691.5,82690.6094,82679.3984,82679.1172
1741805286105931,82688.5234,82688.5312,82688.5312,82680.4844,82680.2422
1741805286238782,82688.5234,82688.5312,82688.5234,82680.6953,82680.4609
1741805286531447,82688.5234,82688.5312,82688.5312,82681.1562,82680.9297
1741805286890289,82693.7891,82693.7969,82693.7969,82682.0625,82681.8516
1741805287314019,82693.7891,82693.8125,82693.7969,82683.0547,82682.8672
1741805287730123,82693.7891,82693.7969,82693.7969,82683.9453,82683.7734
1741805288223793,82693.7891,82693.7969,82693.7969,82684.9219,82684.7656
1741805288260439,82693.7891,82693.7969,82693.7969,82684.9844,82684.8281
1741805288415889,82693.7891,82693.7969,82693.7969,82685.2578,82685.1094
1741805288542801,82693.7891,82693.7969,82693.7969,82685.4766,82685.3281
1741805288686006,82693.7891,82693.7969,82693.7891,82685.7188,82685.5703
1741805288688684,82693.7891,82693.7969,82693.7969,82685.7266,82685.5781
1741805288769479,82693.7891,82693.7969,82693.7891,82685.8594,82685.7109
1741805289455847,82693.7891,82693.7969,82693.7969,82686.9453,82686.8203
1741805289615035,82698.6016,82707.8125,82707.8125,82687.4609,82687.4922
1741805289747291,82701.1016,82707.7969,82707.7969,82687.9141,82688.0312
1741805290417435,82710.8984,82710.9062,82710.9062,82690.9922,82691.0938
1741805292600197,82710.8984,82710.9062,82710.8984,82699.6875,82699.7422
1741805292608921,82702.7422,82710.8984,82710.8906,82699.7031,82699.7578
1741805292675493,82702.75,82710.7578,82710.7578,82699.7969,82699.9062
1741805292675938,82702.75,82710.7734,82710.7734,82699.7969,82699.9062
1741805292733290,82702.75,82710.5781,82702.7578,82699.875,82699.9375
1741805292738596,82710.5781,82710.8984,82710.5781,82699.8828,82699.9453
1741805292738887,82700.3203,82710.8984,82710.5781,82699.8828,82699.9453
1741805292794137,82702.5312,82702.7734,82702.7734,82699.9141,82699.9766
1741805292859168,82702.4062,82710.9062,82710.8828,82700,82700.1172
1741805293102170,82703.9688,82710.8984,82710.8906,82700.3594,82700.6406
1741805293541129,82700.3438,82709.8516,82700.3516,82700.7734,82700.6172
1741805293618512,82708.0781,82708.1016,82708.0781,82700.8906,82700.7344
1741805294001614,82708.0938,82708.1016,82708.1016,82701.4453,82701.2969
1741805294732037,82708.0938,82708.1016,82708.1016,82702.4141,82702.2891
1741805295704659,82708.0938,82708.1016,82708.1016,82703.5156,82703.4219
1741805295749255,82708.0938,82708.1016,82708.1016,82703.5547,82703.4609
1741805295766198,82708.0938,82708.1016,82708.1016,82703.5703,82703.4766
1741805296230267,82708.0938,82708.1016,82708.0938,82703.9922,82703.9062
1741805296530152,82708.0938,82708.1016,82708.1016,82704.2344,82704.1562
1741805296749734,82708.0938,82708.1016,82708.1016,82704.4062,82704.3281
1741805296819976,82708.0938,82708.1016,82708.1016,82704.4609,82704.3828
1741805297317642,82708.0938,82708.1016,82708.1016,82704.8203,82704.75
1741805297518951,82708.0938,82708.1016,82708.1016,82704.9531,82704.8828
1741805297880416,82708.0938,82708.1016,82708.1016,82705.1797,82705.1172
1741805297902115,82708.0938,82708.1016,82708.1016,82705.1953,82705.1328
1741805297983325,82708.0938,82708.1016,82708.1016,82705.2422,82705.1797
1741805297983988,82708.0938,82708.1016,82708.1016,82705.2422,82705.1797
1741805298094711,82708.0938,82708.1016,82708.1016,82705.3047,82705.2422
1741805298132759,82708.0938,82708.1016,82708.1016,82705.3281,82705.2656
1741805298132892,82708.0938,82708.1016,82708.1016,82705.3281,82705.2656
1741805298192346,82705.0703,82708.1016,82708.0938,82705.3438,82705.2969
1741805298474888,82698.7578,82698.7734,82698.7578,82704.9688,82704.9297
1741805298483857,82697.1875,82697.2031,82697.1875,82704.9531,82704.9141
1741805298563335,82697.1875,82697.2031,82697.2031,82704.8281,82704.7891
1741805298761444,82697.1875,82697.2031,82697.1875,82704.5234,82704.4844
1741805299310304,82697.1875,82697.2031,82697.2031,82703.7188,82703.6875
1741805300004951,82697.1875,82697.2031,82697.2031,82702.8125,82702.7891
1741805300175686,82697.1875,82697.2031,82697.2031,82702.6172,82702.6016
1741805300218360,82697.1875,82697.2031,82697.2031,82702.5703,82702.5547
1741805300260302,82697.1875,82697.2031,82697.2031,82702.5234,82702.5078
1741805300487793,82697.1875,82697.2031,82697.2031,82702.2812,82702.2656
1741805300556839,82697.1875,82697.2031,82697.2031,82702.2109,82702.1953
1741805300588936,82697.1875,82697.2031,82697.1875,82702.1797,82702.1641
1741805300605034,82697.1875,82697.2031,82697.2031,82702.1641,82702.1484
1741805301113658,82697.1875,82697.2031,82697.1875,82701.6562,82701.6406
1741805301337878,82697.1875,82697.2031,82697.2031,82701.4531,82701.4453
1741805301752463,82697.1875,82697.2031,82697.2031,82701.1016,82701.0938
1741805301979686,82697.1875,82697.2031,82697.2031,82700.9219,82700.9141
1741805302211858,82708.0938,82708.1016,82708.1016,82701.2578,82701.25
1741805302213600,82708.0938,82708.1016,82708.1016,82701.2578,82701.25
1741805302213838,82708.0938,82708.1016,82708.1016,82701.2578,82701.25
1741805302214249,82708.0938,82708.2734,82708.1016,82701.2578,82701.25
1741805302243962,82710.1562,82713.3828,82713.3828,82701.3203,82701.3203
1741805302245104,82710.1562,82713.3828,82713.3828,82701.3203,82701.3203
1741805302245811,82710.1562,82713.3828,82713.3828,82701.3203,82701.3203
1741805302246886,82710.1562,82713.3828,82713.3828,82701.3203,82701.3203
1741805302248601,82710.1719,82713.3828,82713.3828,82701.3203,82701.3281
1741805303056409,82716.1406,82716.1484,82716.1484,82703.7109,82703.7188
1741805303368565,82716.1406,82716.1484,82716.1484,82704.4844,82704.4922
1741805303645418,82716.1406,82716.1484,82716.1484,82705.1328,82705.1406
1741805303736900,82716.1406,82716.1484,82716.1484,82705.3359,82705.3438
1741805303897839,82716.1406,82716.1484,82716.1406,82705.6875,82705.6875
1741805304035295,82708.8828,82710.6875,82708.8906,82705.7969,82705.7734
1741805305068482,82707.2188,82710.2969,82710.2969,82706.4062,82706.7109
1741805306130737,82719.4062,82719.4219,82719.4219,82709.1719,82709.4141
1741805306288555,82719.4062,82728.5312,82719.4219,82709.6406,82709.7266
1741805306660482,82726.4219,82726.4297,82726.4297,82710.8906,82710.9688
1741805307064887,82726.4062,82726.4219,82726.4219,82712.1484,82712.2188
1741805307247035,82725.2734,82726.4219,82726.4062,82712.6484,82712.7344
1741805307694818,82719.5312,82719.5391,82719.5391,82713.2656,82713.3438
1741805308157924,82719.5312,82719.5391,82719.5391,82713.8438,82713.9141
1741805309146824,82720.0312,82720.0391,82720.0391,82715.0703,82715.125
1741805309147176,82720.0312,82720.0391,82720.0391,82715.0703,82715.125
1741805309147266,82720.0312,82729.5391,82720.0391,82715.0703,82715.125
1741805309692310,82722.6875,82722.7031,82722.7031,82715.8984,82715.9531
1741805309987179,82722.6875,82722.7031,82722.6875,82716.2969,82716.3516
1741805310202572,82722.6875,82722.7031,82722.7031,82716.5703,82716.625
1741805310206452,82722.6875,82726.5078,82726.5078,82716.5781,82716.6328
1741805310206727,82722.6875,82726.5078,82726.5078,82716.5781,82716.6328
1741805310206832,82722.7031,82726.5078,82726.5078,82716.5781,82716.6328
1741805310563392,82726.5938,82727.6797,82727.6797,82717.3281,82717.4219
1741805310570760,82726.5938,82727.6797,82727.6797,82717.3438,82717.4375
1741805310977922,82726.5938,82727.6797,82726.5938,82718.1406,82718.1797
1741805311066681,82726.5781,82727.6797,82726.5938,82718.2969,82718.3281
1741805313229033,82727.6719,82727.6797,82727.6719,82722.3516,82722.3672
1741805313244141,82727.6719,82727.6797,82727.6797,82722.3672,82722.3828
1741805313244350,82727.6719,82741.5078,82734.6484,82722.3672,82722.3828
1741805314705514,82744.6094,82744.6172,82744.6172,82728.8672,82728.8828
1741805314939895,82756.2109,82756.2188,82756.2109,82730.1484,82730.1641
1741805316090035,82763.6094,82763.6172,82763.6094,82737.8438,82737.8594
1741805316162082,82763.6094,82763.6172,82763.6172,82738.2188,82738.2344
1741805316165279,82763.6094,82768.6016,82765.1172,82738.2344,82738.25
1741805316166671,82763.6094,82768.6016,82768.6016,82738.2422,82738.2578
1741805316166831,82763.6094,82768.6016,82768.6016,82738.2422,82738.2578
1741805316169093,82765.6797,82768.6016,82768.6016,82738.2578,82738.2734
1741805317084590,82776.2422,82777.7266,82776.25,82745.3516,82745.2266
1741805317123831,82777.7422,82787.5703,82787.5703,82745.6406,82745.5625
1741805317721644,82776.3828,82791.3203,82776.3828,82750.2109,82749.25
1741805317786804,82779.1797,82791.1797,82779.1797,82750.6641,82749.6406
1741805317922772,82778.9375,82790.9297,82778.9531,82751.5938,82750.4375
1741805318222157,82775.1094,82775.8438,82775.8438,82753.0234,82751.9609
1741805318400938,82774.9297,82776.2969,82776.2891,82753.8281,82752.8281
1741805318484724,82776.7969,82776.8125,82776.8125,82754.2109,82753.2266
1741805318546590,82776.7969,82776.8125,82776.8125,82754.4922,82753.5156
1741805318625696,82777.1484,82786.2969,82777.1484,82754.9219,82753.8906
1741805318746394,82776.7969,82779.3984,82776.7969,82755.4844,82754.4453
1741805318978007,82776.7969,82776.8125,82776.8125,82756.4688,82755.4844
1741805319288839,82776.7969,82776.8125,82776.7969,82757.7344,82756.8125
1741805319462047,82776.7969,82776.8125,82776.8125,82758.3984,82757.5078
1741805319470787,82776.7969,82776.8125,82776.8125,82758.4297,82757.5391
1741805319539007,82776.7969,82776.8125,82776.8125,82758.6797,82757.8047
1741805319569900,82776.7969,82776.8125,82776.7969,82758.7891,82757.9219
1741805319661799,82776.7969,82776.8125,82776.8125,82759.1172,82758.2656
1741805319907809,82776.7969,82776.8125,82776.7969,82759.9844,82759.1797
1741805320063411,82771.3516,82771.3594,82771.3594,82760.3359,82759.5625
1741805320149026,82771.3516,82771.3594,82771.3594,82760.5234,82759.7656
1741805320382673,82771.3516,82771.3594,82771.3594,82761.0312,82760.3047
1741805320530993,82771.3516,82771.3594,82771.3516,82761.3359,82760.6328
1741805320536590,82771.3516,82771.3594,82771.3594,82761.3438,82760.6484
1741805320549458,82771.3516,82771.3594,82771.3516,82761.3672,82760.6797
1741805320562208,82771.3516,82771.3594,82771.3516,82761.3906,82760.7031
1741805320587777,82771.3516,82771.3594,82771.3516,82761.4453,82760.7578
1741805320603676,82771.3516,82771.3594,82771.3516,82761.4766,82760.7891
1741805321502089,82771.3516,82771.3594,82771.3516,82763.25,82762.6875
1741805321799762,82771.3516,82771.3594,82771.3516,82763.7344,82763.2031
1741805321856205,82771.3516,82771.3594,82771.3594,82763.8203,82763.2969
1741805322234545,82771.3516,82771.3594,82771.3516,82764.3906,82763.9062
1741805322380236,82771.3516,82771.3594,82771.3594,82764.5938,82764.125
1741805322832613,82771.3516,82771.3594,82771.3516,82765.2031,82764.7812
1741805322866195,82769.2422,82769.25,82769.2422,82765.2266,82764.8125
1741805322938430,82769.2422,82769.25,82769.25,82765.2812,82764.875
1741805323446382,82769.2422,82769.25,82769.2422,82765.6875,82765.3203
1741805323457898,82769.2422,82769.25,82769.2422,82765.6953,82765.3281
1741805323468887,82769.2422,82769.25,82769.2422,82765.7031,82765.3359
1741805323486145,82769.2422,82769.25,82769.2422,82765.7188,82765.3516
1741805323499311,82769.2422,82769.25,82769.2422,82765.7266,82765.3594
1741805323594470,82769.2422,82769.25,82769.25,82765.7969,82765.4297
1741805324878058,82772.5469,82772.5625,82772.5625,82767.5312,82767.2578
1741805324896504,82772.5469,82773.7734,82772.5625,82767.5547,82767.2812
1741805325390802,82772.6406,82772.6484,82772.6406,82768.0547,82767.8125
1741805325999127,82772.6406,82772.6484,82772.6484,82768.6094,82768.3984
1741805326235437,82772.5938,82772.6484,82772.6406,82768.7969,82768.6016
1741805326450605,82769.2422,82769.25,82769.2422,82768.8125,82768.6328
1741805326524795,82769.2422,82769.25,82769.25,82768.8203,82768.6406
1741805326541106,82769.2422,82769.25,82769.25,82768.8203,82768.6406
1741805326798474,82769.2422,82769.25,82769.25,82768.8438,82768.6719
1741805328223310,82769.2422,82769.25,82769.25,82768.9609,82768.8359
1741805328658914,82769.2422,82769.25,82769.2422,82768.9844,82768.875
1741805328927499,82769.2422,82769.25,82769.2422,82769,82768.8984
1741805330725096,82769.2422,82769.25,82769.25,82769.0938,82769.0234
1741805330924969,82769.2422,82769.25,82769.2422,82769.1016,82769.0312
1741805330972823,82769.2422,82771.2109,82769.25,82769.1094,82769.0312
1741805331435287,82771.9375,82783.5078,82771.9375,82769.9062,82769.2969
1741805331673185,82772.1172,82781.9375,82781.9375,82770.2422,82769.8984
1741805331689702,82772.9297,82783.5703,82783.5703,82770.2656,82769.9453
1741805331705674,82772.9609,82783.5781,82783.5781,82770.2891,82769.9922
1741805331817301,82773.0312,82783.4531,82783.4531,82770.4688,82770.2891
1741805331826919,82773.0391,82783.4297,82773.0391,82770.4844,82770.2969
1741805332781118,82773.2422,82780.7891,82780.7812,82771.7344,82772.2969
1741805333542966,82773.3906,82773.3984,82773.3984,82771.9844,82772.4609
1741805333543148,82773.3906,82782.8203,82773.8594,82771.9844,82772.4609
1741805333941704,82778.0391,82784.2812,82782.0625,82772.7188,82773.2266
1741805334227286,82784.2734,82784.2812,82784.2734,82773.3828,82773.8594
1741805334446947,82784.2734,82784.2812,82784.2812,82773.8594,82774.3203
1741805335148123,82784.2734,82784.2812,82784.2812,82775.3203,82775.7188
1741805335148336,82784.2734,82784.2812,82784.2812,82775.3203,82775.7188
1741805335542744,82784.2734,82784.2812,82784.2734,82776.0234,82776.3906
1741805335634526,82784.2734,82784.2812,82784.2734,82776.1719,82776.5391
1741805336542708,82784.2734,82784.2812,82784.2734,82777.6484,82777.9453
1741805336773969,82784.2734,82784.2812,82784.2812,82777.9531,82778.2422
1741805336857753,82784.2734,82784.2812,82784.2812,82778.0625,82778.3438
1741805337250715,82784.2734,82784.2812,82784.2734,82778.5547,82778.8125
1741805337363913,82784.2734,82784.2812,82784.2734,82778.6875,82778.9375
1741805337521529,82784.2734,82784.2812,82784.2812,82778.8672,82779.1094
1741805338100030,82784.2734,82784.2812,82784.2734,82779.4922,82779.7031
1741805338335717,82784.2734,82784.2812,82784.2812,82779.7188,82779.9219
1741805339232455,82784.2734,82784.2812,82784.2812,82780.5391,82780.7031
1741805340532192,82784.2734,82784.2812,82784.2812,82781.5156,82781.6328
1741805340538083,82785.9375,82785.9531,82785.9531,82781.5234,82781.6406
1741805340781875,82791.3984,82794.5703,82791.4062,82782.0859,82782.1172
1741805340924593,82784.8125,82791.4062,82791.3984,82782.2578,82782.3828
1741805341005256,82784.2734,82784.2812,82784.2734,82782.2891,82782.4141
1741805341059213,82784.2734,82784.2812,82784.2734,82782.3125,82782.4375
1741805341179234,82784.6172,82790.7422,82790.7109,82782.4375,82782.6328
1741805341528063,82784.6172,82790.7422,82784.6328,82782.8047,82782.7734
1741805342001849,82784.6172,82784.6328,82784.6328,82782.9766,82782.9531
1741805342799303,82784.6172,82784.6328,82784.6172,82783.2422,82783.2188
1741805343177552,82775.1172,82775.1328,82775.1172,82782.625,82782.6094
1741805343197075,82769.2422,82769.25,82769.2422,82782.5703,82782.5547
1741805343197258,82769.2422,82769.25,82769.2422,82782.5703,82782.5547
1741805343914926,82784.6094,82784.6172,82784.6094,82782.8594,82782.8516
1741805345773173,82780.5625,82784.6328,82780.5625,82782.7578,82782
1741805347055424,82776.1016,82776.1094,82776.1094,82781.0547,82780.4922
1741805347071926,82776.1016,82776.1094,82776.1094,82781.0391,82780.4766
1741805347127143,82776.1016,82776.1094,82776.1094,82780.9844,82780.4297
1741805347127575,82776.1016,82776.1094,82776.1094,82780.9844,82780.4297
1741805347127605,82776.1016,82776.1094,82776.1094,82780.9844,82780.4297
1741805347127773,82776.1016,82776.1094,82776.1094,82780.9844,82780.4297
1741805347131627,82776.1016,82776.1094,82776.1094,82780.9844,82780.4297
1741805347132193,82776.1016,82776.1094,82776.1094,82780.9844,82780.4297
1741805347133489,82776.1016,82784.6328,82784.6172,82780.9844,82780.4297
1741805347241302,82786.7812,82786.7891,82786.7891,82781.1094,82780.5703
1741805347304556,82783.8984,82790.7422,82790.7266,82781.1875,82780.6953
1741805347324637,82790.7266,82790.7422,82790.7422,82781.2266,82780.7344
1741805347982852,82776.1797,82783.9766,82783.9688,82781.0781,82781.1641
1741805348020917,82776.1719,82776.1875,82776.1797,82781.0391,82781.125
1741805348063334,82776.1797,82776.1875,82776.1875,82781,82781.0859
1741805349341053,82776.1797,82776.1875,82776.1797,82779.7734,82779.8359
1741805349466877,82769.2734,82769.2812,82769.2812,82779.5078,82779.5703
1741805349631161,82769.2734,82776.1875,82776.1875,82779.2891,82779.4609
1741805349650899,82769.9062,82776.1797,82776.1797,82779.2656,82779.4453
1741805349666218,82769.9375,82776.1875,82776.1875,82779.25,82779.4375
1741805350769697,82776.1172,82776.1328,82776.1328,82778.5625,82778.7109
1741805351276267,82776.1172,82776.1328,82776.1172,82778.3125,82778.4453
1741805351554215,82776.1172,82776.1328,82776.1172,82778.1875,82778.3125
1741805351638157,82776.1172,82776.1328,82776.1172,82778.1562,82778.2734
1741805351960325,82769.2812,82776.1328,82776.1328,82777.8047,82778.1328
1741805351993967,82769.2734,82776.1328,82776.1328,82777.7734,82778.1172
1741805352603087,82769.2734,82770.3438,82769.2812,82776.8047,82777.0391
1741805352961958,82769.2734,82769.2812,82769.2734,82776.2656,82776.4844
1741805352964390,82769.2422,82769.2812,82769.2422,82776.2656,82776.4844
1741805353360281,82766.8203,82766.8281,82766.8281,82775.5156,82775.7188
1741805353376855,82766.8203,82766.8281,82766.8281,82775.4844,82775.6875
1741805353391526,82766.8203,82766.8281,82766.8281,82775.4609,82775.6641
1741805353673541,82766.8203,82766.8281,82766.8203,82774.9766,82775.1641
1741805353989079,82766.8203,82766.8281,82766.8203,82774.4609,82774.6406
1741805354358403,82760.0391,82761.9219,82761.9062,82773.4688,82773.7031
1741805354360684,82760.0391,82761.9219,82760.0391,82773.4609,82773.6953
1741805354360709,82760.0391,82761.9219,82760.0391,82773.4609,82773.6953
1741805354364217,82755.2812,82760.0469,82760.0391,82773.4531,82773.6875
1741805355210959,82747.0781,82747.0938,82747.0781,82768.9844,82769.1797
1741805355215111,82740.1016,82747.0938,82747.0938,82768.9609,82769.1641